{"/home/travis/build/npmtest/node-npmtest-next-update/test.js":{"path":"/home/travis/build/npmtest/node-npmtest-next-update/test.js","s":{"1":2,"2":2,"3":2,"4":2,"5":2,"6":2,"7":2,"8":1,"9":2,"10":2,"11":1,"12":1,"13":1,"14":1,"15":2,"16":2,"17":2,"18":2,"19":1,"20":1,"21":2,"22":2,"23":2,"24":1,"25":1,"26":1,"27":1,"28":1,"29":1,"30":1,"31":1,"32":1,"33":1,"34":1,"35":1,"36":1,"37":2,"38":2,"39":1,"40":2,"41":2,"42":1,"43":2,"44":2,"45":1,"46":2,"47":2,"48":1,"49":1,"50":1,"51":1,"52":1},"b":{"1":[2,1,1,1],"2":[1,1,1,1],"3":[1,1],"4":[1,1],"5":[1,1],"6":[1,1],"7":[1,1],"8":[1,1],"9":[1,1,1],"10":[1,1],"11":[1,1],"12":[1,1],"13":[1,1],"14":[1,1],"15":[1,1],"16":[1,1]},"f":{"1":2,"2":2,"3":2,"4":2,"5":2,"6":1,"7":1,"8":2,"9":2,"10":2,"11":2,"12":1},"fnMap":{"1":{"name":"(anonymous_1)","line":12,"loc":{"start":{"line":12,"column":1},"end":{"line":12,"column":13}}},"2":{"name":"(anonymous_2)","line":19,"loc":{"start":{"line":19,"column":5},"end":{"line":19,"column":17}}},"3":{"name":"(anonymous_3)","line":23,"loc":{"start":{"line":23,"column":24},"end":{"line":23,"column":36}}},"4":{"name":"(anonymous_4)","line":61,"loc":{"start":{"line":61,"column":5},"end":{"line":61,"column":17}}},"5":{"name":"(anonymous_5)","line":82,"loc":{"start":{"line":82,"column":5},"end":{"line":82,"column":17}}},"6":{"name":"(anonymous_6)","line":102,"loc":{"start":{"line":102,"column":83},"end":{"line":105,"column":10}},"skip":true},"7":{"name":"(anonymous_7)","line":113,"loc":{"start":{"line":113,"column":77},"end":{"line":116,"column":10}},"skip":true},"8":{"name":"(anonymous_8)","line":129,"loc":{"start":{"line":129,"column":12},"end":{"line":129,"column":40}},"skip":true},"9":{"name":"(anonymous_9)","line":137,"loc":{"start":{"line":137,"column":77},"end":{"line":140,"column":10}},"skip":true},"10":{"name":"(anonymous_10)","line":148,"loc":{"start":{"line":148,"column":83},"end":{"line":151,"column":10}},"skip":true},"11":{"name":"(anonymous_11)","line":159,"loc":{"start":{"line":159,"column":79},"end":{"line":162,"column":10}},"skip":true},"12":{"name":"(anonymous_12)","line":170,"loc":{"start":{"line":170,"column":75},"end":{"line":173,"column":10}},"skip":true}},"statementMap":{"1":{"start":{"line":12,"column":0},"end":{"line":185,"column":5}},"2":{"start":{"line":14,"column":4},"end":{"line":14,"column":14}},"3":{"start":{"line":19,"column":4},"end":{"line":56,"column":9}},"4":{"start":{"line":21,"column":8},"end":{"line":21,"column":19}},"5":{"start":{"line":23,"column":8},"end":{"line":35,"column":13}},"6":{"start":{"line":24,"column":12},"end":{"line":34,"column":13}},"7":{"start":{"line":25,"column":16},"end":{"line":28,"column":30}},"8":{"start":{"line":30,"column":16},"end":{"line":33,"column":27}},"9":{"start":{"line":37,"column":8},"end":{"line":39,"column":21}},"10":{"start":{"line":40,"column":8},"end":{"line":53,"column":9}},"11":{"start":{"line":43,"column":12},"end":{"line":46,"column":14}},"12":{"start":{"line":47,"column":12},"end":{"line":47,"column":18}},"13":{"start":{"line":50,"column":12},"end":{"line":51,"column":46}},"14":{"start":{"line":52,"column":12},"end":{"line":52,"column":18}},"15":{"start":{"line":55,"column":8},"end":{"line":55,"column":35}},"16":{"start":{"line":61,"column":4},"end":{"line":63,"column":9}},"17":{"start":{"line":62,"column":8},"end":{"line":62,"column":15}},"18":{"start":{"line":64,"column":4},"end":{"line":77,"column":5}},"19":{"start":{"line":70,"column":8},"end":{"line":70,"column":14}},"20":{"start":{"line":76,"column":8},"end":{"line":76,"column":14}},"21":{"start":{"line":82,"column":4},"end":{"line":84,"column":9}},"22":{"start":{"line":83,"column":8},"end":{"line":83,"column":15}},"23":{"start":{"line":85,"column":4},"end":{"line":184,"column":5}},"24":{"start":{"line":92,"column":8},"end":{"line":94,"column":63}},"25":{"start":{"line":95,"column":8},"end":{"line":95,"column":14}},"26":{"start":{"line":102,"column":8},"end":{"line":111,"column":10},"skip":true},"27":{"start":{"line":109,"column":12},"end":{"line":109,"column":55},"skip":true},"28":{"start":{"line":110,"column":12},"end":{"line":110,"column":48},"skip":true},"29":{"start":{"line":113,"column":8},"end":{"line":126,"column":10},"skip":true},"30":{"start":{"line":120,"column":12},"end":{"line":120,"column":76},"skip":true},"31":{"start":{"line":121,"column":12},"end":{"line":121,"column":73},"skip":true},"32":{"start":{"line":122,"column":12},"end":{"line":122,"column":74},"skip":true},"33":{"start":{"line":123,"column":12},"end":{"line":123,"column":79},"skip":true},"34":{"start":{"line":124,"column":12},"end":{"line":124,"column":25},"skip":true},"35":{"start":{"line":125,"column":12},"end":{"line":125,"column":45},"skip":true},"36":{"start":{"line":128,"column":8},"end":{"line":135,"column":14},"skip":true},"37":{"start":{"line":133,"column":16},"end":{"line":133,"column":29},"skip":true},"38":{"start":{"line":134,"column":16},"end":{"line":134,"column":55},"skip":true},"39":{"start":{"line":137,"column":8},"end":{"line":146,"column":10},"skip":true},"40":{"start":{"line":144,"column":12},"end":{"line":144,"column":25},"skip":true},"41":{"start":{"line":145,"column":12},"end":{"line":145,"column":45},"skip":true},"42":{"start":{"line":148,"column":8},"end":{"line":157,"column":10},"skip":true},"43":{"start":{"line":155,"column":12},"end":{"line":155,"column":25},"skip":true},"44":{"start":{"line":156,"column":12},"end":{"line":156,"column":48},"skip":true},"45":{"start":{"line":159,"column":8},"end":{"line":168,"column":10},"skip":true},"46":{"start":{"line":166,"column":12},"end":{"line":166,"column":25},"skip":true},"47":{"start":{"line":167,"column":12},"end":{"line":167,"column":46},"skip":true},"48":{"start":{"line":170,"column":8},"end":{"line":179,"column":10},"skip":true},"49":{"start":{"line":177,"column":12},"end":{"line":177,"column":94},"skip":true},"50":{"start":{"line":178,"column":12},"end":{"line":178,"column":48},"skip":true},"51":{"start":{"line":182,"column":8},"end":{"line":182,"column":35},"skip":true},"52":{"start":{"line":183,"column":8},"end":{"line":183,"column":14},"skip":true}},"branchMap":{"1":{"line":25,"type":"binary-expr","locations":[{"start":{"line":25,"column":23},"end":{"line":25,"column":62}},{"start":{"line":26,"column":20},"end":{"line":26,"column":70}},{"start":{"line":27,"column":20},"end":{"line":27,"column":71}},{"start":{"line":28,"column":20},"end":{"line":28,"column":29}}]},"2":{"line":30,"type":"binary-expr","locations":[{"start":{"line":30,"column":23},"end":{"line":30,"column":37}},{"start":{"line":31,"column":20},"end":{"line":31,"column":61}},{"start":{"line":32,"column":20},"end":{"line":32,"column":70}},{"start":{"line":33,"column":20},"end":{"line":33,"column":26}}]},"3":{"line":37,"type":"cond-expr","locations":[{"start":{"line":38,"column":14},"end":{"line":38,"column":20}},{"start":{"line":39,"column":14},"end":{"line":39,"column":20}}]},"4":{"line":40,"type":"switch","locations":[{"start":{"line":42,"column":8},"end":{"line":47,"column":18}},{"start":{"line":49,"column":8},"end":{"line":52,"column":18}}]},"5":{"line":44,"type":"binary-expr","locations":[{"start":{"line":44,"column":16},"end":{"line":44,"column":44}},{"start":{"line":44,"column":48},"end":{"line":44,"column":66}}]},"6":{"line":50,"type":"binary-expr","locations":[{"start":{"line":50,"column":21},"end":{"line":50,"column":49}},{"start":{"line":50,"column":53},"end":{"line":50,"column":72}}]},"7":{"line":64,"type":"switch","locations":[{"start":{"line":69,"column":4},"end":{"line":70,"column":14}},{"start":{"line":75,"column":4},"end":{"line":76,"column":14}}]},"8":{"line":85,"type":"switch","locations":[{"start":{"line":90,"column":4},"end":{"line":95,"column":14}},{"start":{"line":101,"column":4},"end":{"line":183,"column":14},"skip":true}]},"9":{"line":92,"type":"binary-expr","locations":[{"start":{"line":92,"column":18},"end":{"line":92,"column":32}},{"start":{"line":93,"column":12},"end":{"line":93,"column":53}},{"start":{"line":94,"column":12},"end":{"line":94,"column":61}}]},"10":{"line":102,"type":"binary-expr","locations":[{"start":{"line":102,"column":45},"end":{"line":102,"column":79},"skip":true},{"start":{"line":102,"column":83},"end":{"line":111,"column":9},"skip":true}]},"11":{"line":113,"type":"binary-expr","locations":[{"start":{"line":113,"column":42},"end":{"line":113,"column":73},"skip":true},{"start":{"line":113,"column":77},"end":{"line":126,"column":9},"skip":true}]},"12":{"line":128,"type":"binary-expr","locations":[{"start":{"line":128,"column":48},"end":{"line":128,"column":85},"skip":true},{"start":{"line":129,"column":12},"end":{"line":135,"column":13},"skip":true}]},"13":{"line":137,"type":"binary-expr","locations":[{"start":{"line":137,"column":42},"end":{"line":137,"column":73},"skip":true},{"start":{"line":137,"column":77},"end":{"line":146,"column":9},"skip":true}]},"14":{"line":148,"type":"binary-expr","locations":[{"start":{"line":148,"column":45},"end":{"line":148,"column":79},"skip":true},{"start":{"line":148,"column":83},"end":{"line":157,"column":9},"skip":true}]},"15":{"line":159,"type":"binary-expr","locations":[{"start":{"line":159,"column":43},"end":{"line":159,"column":75},"skip":true},{"start":{"line":159,"column":79},"end":{"line":168,"column":9},"skip":true}]},"16":{"line":170,"type":"binary-expr","locations":[{"start":{"line":170,"column":41},"end":{"line":170,"column":71},"skip":true},{"start":{"line":170,"column":75},"end":{"line":179,"column":9},"skip":true}]}},"code":["/* istanbul instrument in package npmtest_next_update */","/*jslint","    bitwise: true,","    browser: true,","    maxerr: 8,","    maxlen: 96,","    node: true,","    nomen: true,","    regexp: true,","    stupid: true","*/","(function () {","    'use strict';","    var local;","","","","    // run shared js-env code - pre-init","    (function () {","        // init local","        local = {};","        // init modeJs","        local.modeJs = (function () {","            try {","                return typeof navigator.userAgent === 'string' &&","                    typeof document.querySelector('body') === 'object' &&","                    typeof XMLHttpRequest.prototype.open === 'function' &&","                    'browser';","            } catch (errorCaughtBrowser) {","                return module.exports &&","                    typeof process.versions.node === 'string' &&","                    typeof require('http').createServer === 'function' &&","                    'node';","            }","        }());","        // init global","        local.global = local.modeJs === 'browser'","            ? window","            : global;","        switch (local.modeJs) {","        // re-init local from window.local","        case 'browser':","            local = local.global.utility2.objectSetDefault(","                local.global.utility2_rollup || local.global.local,","                local.global.utility2","            );","            break;","        // re-init local from example.js","        case 'node':","            local = (local.global.utility2_rollup || require('utility2'))","                .requireExampleJsFromReadme();","            break;","        }","        // export local","        local.global.local = local;","    }());","","","","    // run shared js-env code - function","    (function () {","        return;","    }());","    switch (local.modeJs) {","","","","    // run browser js-env code - function","    case 'browser':","        break;","","","","    // run node js-env code - function","    case 'node':","        break;","    }","","","","    // run shared js-env code - post-init","    (function () {","        return;","    }());","    switch (local.modeJs) {","","","","    // run browser js-env code - post-init","    case 'browser':","        // run tests","        local.nop(local.modeTest &&","            document.querySelector('#testRunButton1') &&","            document.querySelector('#testRunButton1').click());","        break;","","","","    // run node js-env code - post-init","    /* istanbul ignore next */","    case 'node':","        local.testCase_buildApidoc_default = local.testCase_buildApidoc_default || function (","            options,","            onError","        ) {","        /*","         * this function will test buildApidoc's default handling-behavior-behavior","         */","            options = { modulePathList: module.paths };","            local.buildApidoc(options, onError);","        };","","        local.testCase_buildApp_default = local.testCase_buildApp_default || function (","            options,","            onError","        ) {","        /*","         * this function will test buildApp's default handling-behavior-behavior","         */","            local.testCase_buildReadme_default(options, local.onErrorThrow);","            local.testCase_buildLib_default(options, local.onErrorThrow);","            local.testCase_buildTest_default(options, local.onErrorThrow);","            local.testCase_buildCustomOrg_default(options, local.onErrorThrow);","            options = [];","            local.buildApp(options, onError);","        };","","        local.testCase_buildCustomOrg_default = local.testCase_buildCustomOrg_default ||","            function (options, onError) {","            /*","             * this function will test buildCustomOrg's default handling-behavior","             */","                options = {};","                local.buildCustomOrg(options, onError);","            };","","        local.testCase_buildLib_default = local.testCase_buildLib_default || function (","            options,","            onError","        ) {","        /*","         * this function will test buildLib's default handling-behavior","         */","            options = {};","            local.buildLib(options, onError);","        };","","        local.testCase_buildReadme_default = local.testCase_buildReadme_default || function (","            options,","            onError","        ) {","        /*","         * this function will test buildReadme's default handling-behavior-behavior","         */","            options = {};","            local.buildReadme(options, onError);","        };","","        local.testCase_buildTest_default = local.testCase_buildTest_default || function (","            options,","            onError","        ) {","        /*","         * this function will test buildTest's default handling-behavior","         */","            options = {};","            local.buildTest(options, onError);","        };","","        local.testCase_webpage_default = local.testCase_webpage_default || function (","            options,","            onError","        ) {","        /*","         * this function will test webpage's default handling-behavior","         */","            options = { modeCoverageMerge: true, url: local.serverLocalHost + '?modeTest=1' };","            local.browserTest(options, onError);","        };","","        // run test-server","        local.testRunServer(local);","        break;","    }","}());",""],"l":{"12":2,"14":2,"19":2,"21":2,"23":2,"24":2,"25":2,"30":1,"37":2,"40":2,"43":1,"47":1,"50":1,"52":1,"55":2,"61":2,"62":2,"64":2,"70":1,"76":1,"82":2,"83":2,"85":2,"92":1,"95":1,"102":1,"109":1,"110":1,"113":1,"120":1,"121":1,"122":1,"123":1,"124":1,"125":1,"128":1,"133":2,"134":2,"137":1,"144":2,"145":2,"148":1,"155":2,"156":2,"159":1,"166":2,"167":2,"170":1,"177":1,"178":1,"182":1,"183":1}},"/home/travis/build/npmtest/node-npmtest-next-update/lib.npmtest_next_update.js":{"path":"/home/travis/build/npmtest/node-npmtest-next-update/lib.npmtest_next_update.js","s":{"1":2,"2":2,"3":2,"4":2,"5":2,"6":2,"7":2,"8":1,"9":2,"10":2,"11":2,"12":2,"13":1,"14":1,"15":1,"16":1},"b":{"1":[2,1,1,1],"2":[1,1,1,1],"3":[1,1],"4":[2,2],"5":[1,1]},"f":{"1":2,"2":2,"3":2},"fnMap":{"1":{"name":"(anonymous_1)","line":12,"loc":{"start":{"line":12,"column":1},"end":{"line":12,"column":13}}},"2":{"name":"(anonymous_2)","line":19,"loc":{"start":{"line":19,"column":5},"end":{"line":19,"column":17}}},"3":{"name":"(anonymous_3)","line":23,"loc":{"start":{"line":23,"column":24},"end":{"line":23,"column":36}}}},"statementMap":{"1":{"start":{"line":12,"column":0},"end":{"line":53,"column":5}},"2":{"start":{"line":14,"column":4},"end":{"line":14,"column":14}},"3":{"start":{"line":19,"column":4},"end":{"line":52,"column":9}},"4":{"start":{"line":21,"column":8},"end":{"line":21,"column":19}},"5":{"start":{"line":23,"column":8},"end":{"line":35,"column":13}},"6":{"start":{"line":24,"column":12},"end":{"line":34,"column":13}},"7":{"start":{"line":25,"column":16},"end":{"line":28,"column":30}},"8":{"start":{"line":30,"column":16},"end":{"line":33,"column":27}},"9":{"start":{"line":37,"column":8},"end":{"line":39,"column":21}},"10":{"start":{"line":41,"column":8},"end":{"line":41,"column":54}},"11":{"start":{"line":43,"column":8},"end":{"line":43,"column":56}},"12":{"start":{"line":45,"column":8},"end":{"line":51,"column":9}},"13":{"start":{"line":46,"column":12},"end":{"line":46,"column":62}},"14":{"start":{"line":48,"column":12},"end":{"line":48,"column":35}},"15":{"start":{"line":49,"column":12},"end":{"line":49,"column":49}},"16":{"start":{"line":50,"column":12},"end":{"line":50,"column":43}}},"branchMap":{"1":{"line":25,"type":"binary-expr","locations":[{"start":{"line":25,"column":23},"end":{"line":25,"column":62}},{"start":{"line":26,"column":20},"end":{"line":26,"column":70}},{"start":{"line":27,"column":20},"end":{"line":27,"column":71}},{"start":{"line":28,"column":20},"end":{"line":28,"column":29}}]},"2":{"line":30,"type":"binary-expr","locations":[{"start":{"line":30,"column":23},"end":{"line":30,"column":37}},{"start":{"line":31,"column":20},"end":{"line":31,"column":61}},{"start":{"line":32,"column":20},"end":{"line":32,"column":70}},{"start":{"line":33,"column":20},"end":{"line":33,"column":26}}]},"3":{"line":37,"type":"cond-expr","locations":[{"start":{"line":38,"column":14},"end":{"line":38,"column":20}},{"start":{"line":39,"column":14},"end":{"line":39,"column":20}}]},"4":{"line":41,"type":"binary-expr","locations":[{"start":{"line":41,"column":16},"end":{"line":41,"column":44}},{"start":{"line":41,"column":48},"end":{"line":41,"column":53}}]},"5":{"line":45,"type":"if","locations":[{"start":{"line":45,"column":8},"end":{"line":45,"column":8}},{"start":{"line":45,"column":8},"end":{"line":45,"column":8}}]}},"code":["/* istanbul instrument in package npmtest_next_update */","/*jslint","    bitwise: true,","    browser: true,","    maxerr: 8,","    maxlen: 96,","    node: true,","    nomen: true,","    regexp: true,","    stupid: true","*/","(function () {","    'use strict';","    var local;","","","","    // run shared js-env code - pre-init","    (function () {","        // init local","        local = {};","        // init modeJs","        local.modeJs = (function () {","            try {","                return typeof navigator.userAgent === 'string' &&","                    typeof document.querySelector('body') === 'object' &&","                    typeof XMLHttpRequest.prototype.open === 'function' &&","                    'browser';","            } catch (errorCaughtBrowser) {","                return module.exports &&","                    typeof process.versions.node === 'string' &&","                    typeof require('http').createServer === 'function' &&","                    'node';","            }","        }());","        // init global","        local.global = local.modeJs === 'browser'","            ? window","            : global;","        // init utility2_rollup","        local = local.global.utility2_rollup || local;","        // init lib","        local.local = local.npmtest_next_update = local;","        // init exports","        if (local.modeJs === 'browser') {","            local.global.utility2_npmtest_next_update = local;","        } else {","            module.exports = local;","            module.exports.__dirname = __dirname;","            module.exports.module = module;","        }","    }());","}());",""],"l":{"12":2,"14":2,"19":2,"21":2,"23":2,"24":2,"25":2,"30":1,"37":2,"41":2,"43":2,"45":2,"46":1,"48":1,"49":1,"50":1}},"/home/travis/build/npmtest/node-npmtest-next-update/example.js":{"path":"/home/travis/build/npmtest/node-npmtest-next-update/example.js","s":{"1":2,"2":2,"3":2,"4":2,"5":2,"6":2,"7":2,"8":1,"9":2,"10":2,"11":2,"12":2,"13":1,"14":2,"15":2,"16":2,"17":2,"18":2,"19":0,"20":2,"21":1,"22":1,"23":1,"24":1,"25":1,"26":0,"27":0,"28":1,"29":1,"30":2,"31":0,"32":0,"33":0,"34":1,"35":2,"36":2,"37":2,"38":2,"39":2,"40":2,"41":0,"42":2,"43":2,"44":2,"45":1,"46":3,"47":1,"48":1,"49":1,"50":1,"51":1,"52":1,"53":1,"54":1,"55":1,"56":1,"57":0,"58":1,"59":6,"60":6,"61":1,"62":2,"63":0,"64":2,"65":1,"66":1,"67":0,"68":0,"69":0,"70":0,"71":0,"72":0,"73":0,"74":0,"75":0,"76":0,"77":0,"78":0,"79":0,"80":0,"81":0,"82":0,"83":0},"b":{"1":[2,1,1,1],"2":[1,1,1,1],"3":[1,1],"4":[2,2],"5":[1,1],"6":[1,1],"7":[2,0],"8":[2,1,1,1,1,1],"9":[0,2,0],"10":[1,1],"11":[2,1,1],"12":[1,0],"13":[0,2],"14":[2,0,0,0,0,0,0],"15":[0,2],"16":[2,0],"17":[1,1],"18":[0,1],"19":[1,2,0,2],"20":[1,0],"21":[1,1],"22":[0,0],"23":[0,0],"24":[0,0],"25":[0,0],"26":[0,0],"27":[0,0],"28":[0,0]},"f":{"1":2,"2":2,"3":2,"4":2,"5":2,"6":2,"7":2,"8":2,"9":3,"10":1,"11":6,"12":0},"fnMap":{"1":{"name":"(anonymous_1)","line":26,"loc":{"start":{"line":26,"column":1},"end":{"line":26,"column":13}}},"2":{"name":"(anonymous_2)","line":33,"loc":{"start":{"line":33,"column":5},"end":{"line":33,"column":17}}},"3":{"name":"(anonymous_3)","line":37,"loc":{"start":{"line":37,"column":24},"end":{"line":37,"column":36}}},"4":{"name":"(anonymous_4)","line":69,"loc":{"start":{"line":69,"column":31},"end":{"line":69,"column":48}},"skip":true},"5":{"name":"(anonymous_5)","line":78,"loc":{"start":{"line":78,"column":26},"end":{"line":78,"column":45}},"skip":true},"6":{"name":"(anonymous_6)","line":123,"loc":{"start":{"line":123,"column":33},"end":{"line":123,"column":48}},"skip":true},"7":{"name":"(anonymous_7)","line":125,"loc":{"start":{"line":125,"column":27},"end":{"line":125,"column":39}},"skip":true},"8":{"name":"(anonymous_8)","line":133,"loc":{"start":{"line":133,"column":59},"end":{"line":133,"column":74}},"skip":true},"9":{"name":"(anonymous_9)","line":143,"loc":{"start":{"line":143,"column":45},"end":{"line":143,"column":62}},"skip":true},"10":{"name":"(anonymous_10)","line":144,"loc":{"start":{"line":144,"column":73},"end":{"line":144,"column":92}},"skip":true},"11":{"name":"(anonymous_11)","line":272,"loc":{"start":{"line":272,"column":51},"end":{"line":272,"column":77}},"skip":true},"12":{"name":"(anonymous_12)","line":314,"loc":{"start":{"line":314,"column":32},"end":{"line":314,"column":61}},"skip":true}},"statementMap":{"1":{"start":{"line":26,"column":0},"end":{"line":325,"column":5}},"2":{"start":{"line":28,"column":4},"end":{"line":28,"column":14}},"3":{"start":{"line":33,"column":4},"end":{"line":60,"column":9}},"4":{"start":{"line":35,"column":8},"end":{"line":35,"column":19}},"5":{"start":{"line":37,"column":8},"end":{"line":49,"column":13}},"6":{"start":{"line":38,"column":12},"end":{"line":48,"column":13}},"7":{"start":{"line":39,"column":16},"end":{"line":42,"column":30}},"8":{"start":{"line":44,"column":16},"end":{"line":47,"column":27}},"9":{"start":{"line":51,"column":8},"end":{"line":53,"column":21}},"10":{"start":{"line":55,"column":8},"end":{"line":57,"column":45}},"11":{"start":{"line":59,"column":8},"end":{"line":59,"column":35}},"12":{"start":{"line":61,"column":4},"end":{"line":324,"column":5}},"13":{"start":{"line":69,"column":8},"end":{"line":121,"column":10},"skip":true},"14":{"start":{"line":70,"column":12},"end":{"line":88,"column":13},"skip":true},"15":{"start":{"line":76,"column":16},"end":{"line":87,"column":19},"skip":true},"16":{"start":{"line":79,"column":20},"end":{"line":86,"column":21},"skip":true},"17":{"start":{"line":82,"column":24},"end":{"line":82,"column":43},"skip":true},"18":{"start":{"line":83,"column":24},"end":{"line":83,"column":30},"skip":true},"19":{"start":{"line":85,"column":24},"end":{"line":85,"column":49},"skip":true},"20":{"start":{"line":89,"column":12},"end":{"line":107,"column":13},"skip":true},"21":{"start":{"line":92,"column":16},"end":{"line":102,"column":17},"skip":true},"22":{"start":{"line":93,"column":20},"end":{"line":93,"column":86},"skip":true},"23":{"start":{"line":94,"column":20},"end":{"line":95,"column":45},"skip":true},"24":{"start":{"line":96,"column":20},"end":{"line":96,"column":42},"skip":true},"25":{"start":{"line":97,"column":20},"end":{"line":97,"column":48},"skip":true},"26":{"start":{"line":100,"column":20},"end":{"line":100,"column":85},"skip":true},"27":{"start":{"line":101,"column":20},"end":{"line":101,"column":96},"skip":true},"28":{"start":{"line":103,"column":16},"end":{"line":103,"column":22},"skip":true},"29":{"start":{"line":106,"column":16},"end":{"line":106,"column":22},"skip":true},"30":{"start":{"line":108,"column":12},"end":{"line":120,"column":13},"skip":true},"31":{"start":{"line":114,"column":16},"end":{"line":119,"column":17},"skip":true},"32":{"start":{"line":116,"column":20},"end":{"line":116,"column":78},"skip":true},"33":{"start":{"line":118,"column":20},"end":{"line":118,"column":53},"skip":true},"34":{"start":{"line":123,"column":8},"end":{"line":141,"column":11},"skip":true},"35":{"start":{"line":124,"column":12},"end":{"line":124,"column":54},"skip":true},"36":{"start":{"line":125,"column":12},"end":{"line":140,"column":14},"skip":true},"37":{"start":{"line":126,"column":16},"end":{"line":126,"column":28},"skip":true},"38":{"start":{"line":127,"column":16},"end":{"line":127,"column":69},"skip":true},"39":{"start":{"line":128,"column":16},"end":{"line":128,"column":75},"skip":true},"40":{"start":{"line":129,"column":16},"end":{"line":131,"column":17},"skip":true},"41":{"start":{"line":130,"column":20},"end":{"line":130,"column":27},"skip":true},"42":{"start":{"line":133,"column":16},"end":{"line":137,"column":36},"skip":true},"43":{"start":{"line":134,"column":20},"end":{"line":136,"column":55},"skip":true},"44":{"start":{"line":139,"column":16},"end":{"line":139,"column":57},"skip":true},"45":{"start":{"line":143,"column":8},"end":{"line":147,"column":11},"skip":true},"46":{"start":{"line":144,"column":12},"end":{"line":146,"column":15},"skip":true},"47":{"start":{"line":145,"column":16},"end":{"line":145,"column":70},"skip":true},"48":{"start":{"line":149,"column":8},"end":{"line":149,"column":31},"skip":true},"49":{"start":{"line":150,"column":8},"end":{"line":150,"column":14},"skip":true},"50":{"start":{"line":158,"column":8},"end":{"line":158,"column":31},"skip":true},"51":{"start":{"line":160,"column":8},"end":{"line":160,"column":33},"skip":true},"52":{"start":{"line":161,"column":8},"end":{"line":161,"column":37},"skip":true},"53":{"start":{"line":162,"column":8},"end":{"line":162,"column":35},"skip":true},"54":{"start":{"line":164,"column":8},"end":{"line":164,"column":50},"skip":true},"55":{"start":{"line":166,"column":8},"end":{"line":256,"column":2},"skip":true},"56":{"start":{"line":258,"column":8},"end":{"line":286,"column":9},"skip":true},"57":{"start":{"line":259,"column":12},"end":{"line":269,"column":14},"skip":true},"58":{"start":{"line":271,"column":12},"end":{"line":285,"column":19},"skip":true},"59":{"start":{"line":274,"column":20},"end":{"line":274,"column":35},"skip":true},"60":{"start":{"line":275,"column":20},"end":{"line":284,"column":21},"skip":true},"61":{"start":{"line":277,"column":24},"end":{"line":277,"column":64},"skip":true},"62":{"start":{"line":279,"column":24},"end":{"line":279,"column":40},"skip":true},"63":{"start":{"line":281,"column":24},"end":{"line":281,"column":40},"skip":true},"64":{"start":{"line":283,"column":24},"end":{"line":283,"column":39},"skip":true},"65":{"start":{"line":288,"column":8},"end":{"line":290,"column":9},"skip":true},"66":{"start":{"line":289,"column":12},"end":{"line":289,"column":18},"skip":true},"67":{"start":{"line":291,"column":8},"end":{"line":293,"column":54},"skip":true},"68":{"start":{"line":294,"column":8},"end":{"line":301,"column":37},"skip":true},"69":{"start":{"line":302,"column":8},"end":{"line":302,"column":82},"skip":true},"70":{"start":{"line":305,"column":8},"end":{"line":307,"column":9},"skip":true},"71":{"start":{"line":306,"column":12},"end":{"line":306,"column":82},"skip":true},"72":{"start":{"line":309,"column":8},"end":{"line":311,"column":9},"skip":true},"73":{"start":{"line":310,"column":12},"end":{"line":310,"column":18},"skip":true},"74":{"start":{"line":312,"column":8},"end":{"line":312,"column":54},"skip":true},"75":{"start":{"line":313,"column":8},"end":{"line":313,"column":69},"skip":true},"76":{"start":{"line":314,"column":8},"end":{"line":322,"column":36},"skip":true},"77":{"start":{"line":315,"column":12},"end":{"line":315,"column":61},"skip":true},"78":{"start":{"line":316,"column":12},"end":{"line":319,"column":13},"skip":true},"79":{"start":{"line":317,"column":16},"end":{"line":317,"column":75},"skip":true},"80":{"start":{"line":318,"column":16},"end":{"line":318,"column":23},"skip":true},"81":{"start":{"line":320,"column":12},"end":{"line":320,"column":38},"skip":true},"82":{"start":{"line":321,"column":12},"end":{"line":321,"column":27},"skip":true},"83":{"start":{"line":323,"column":8},"end":{"line":323,"column":14},"skip":true}},"branchMap":{"1":{"line":39,"type":"binary-expr","locations":[{"start":{"line":39,"column":23},"end":{"line":39,"column":62}},{"start":{"line":40,"column":20},"end":{"line":40,"column":70}},{"start":{"line":41,"column":20},"end":{"line":41,"column":71}},{"start":{"line":42,"column":20},"end":{"line":42,"column":29}}]},"2":{"line":44,"type":"binary-expr","locations":[{"start":{"line":44,"column":23},"end":{"line":44,"column":37}},{"start":{"line":45,"column":20},"end":{"line":45,"column":61}},{"start":{"line":46,"column":20},"end":{"line":46,"column":70}},{"start":{"line":47,"column":20},"end":{"line":47,"column":26}}]},"3":{"line":51,"type":"cond-expr","locations":[{"start":{"line":52,"column":14},"end":{"line":52,"column":20}},{"start":{"line":53,"column":14},"end":{"line":53,"column":20}}]},"4":{"line":55,"type":"binary-expr","locations":[{"start":{"line":55,"column":16},"end":{"line":55,"column":44}},{"start":{"line":55,"column":49},"end":{"line":57,"column":43}}]},"5":{"line":55,"type":"cond-expr","locations":[{"start":{"line":56,"column":14},"end":{"line":56,"column":55}},{"start":{"line":57,"column":14},"end":{"line":57,"column":43}}]},"6":{"line":61,"type":"switch","locations":[{"start":{"line":68,"column":4},"end":{"line":150,"column":14},"skip":true},{"start":{"line":156,"column":4},"end":{"line":323,"column":14},"skip":true}]},"7":{"line":70,"type":"if","locations":[{"start":{"line":70,"column":12},"end":{"line":70,"column":12},"skip":true},{"start":{"line":70,"column":12},"end":{"line":70,"column":12},"skip":true}]},"8":{"line":70,"type":"binary-expr","locations":[{"start":{"line":70,"column":16},"end":{"line":70,"column":22},"skip":true},{"start":{"line":70,"column":27},"end":{"line":70,"column":32},"skip":true},{"start":{"line":71,"column":20},"end":{"line":71,"column":39},"skip":true},{"start":{"line":72,"column":20},"end":{"line":72,"column":49},"skip":true},{"start":{"line":73,"column":20},"end":{"line":73,"column":58},"skip":true},{"start":{"line":74,"column":20},"end":{"line":74,"column":69},"skip":true}]},"9":{"line":79,"type":"switch","locations":[{"start":{"line":80,"column":20},"end":{"line":80,"column":33},"skip":true},{"start":{"line":81,"column":20},"end":{"line":83,"column":30},"skip":true},{"start":{"line":84,"column":20},"end":{"line":85,"column":49},"skip":true}]},"10":{"line":89,"type":"switch","locations":[{"start":{"line":90,"column":12},"end":{"line":103,"column":22},"skip":true},{"start":{"line":105,"column":12},"end":{"line":106,"column":22},"skip":true}]},"11":{"line":89,"type":"binary-expr","locations":[{"start":{"line":89,"column":20},"end":{"line":89,"column":25},"skip":true},{"start":{"line":89,"column":29},"end":{"line":89,"column":48},"skip":true},{"start":{"line":89,"column":52},"end":{"line":89,"column":74},"skip":true}]},"12":{"line":92,"type":"if","locations":[{"start":{"line":92,"column":16},"end":{"line":92,"column":16},"skip":true},{"start":{"line":92,"column":16},"end":{"line":92,"column":16},"skip":true}]},"13":{"line":108,"type":"if","locations":[{"start":{"line":108,"column":12},"end":{"line":108,"column":12},"skip":true},{"start":{"line":108,"column":12},"end":{"line":108,"column":12},"skip":true}]},"14":{"line":108,"type":"binary-expr","locations":[{"start":{"line":108,"column":16},"end":{"line":108,"column":61},"skip":true},{"start":{"line":108,"column":66},"end":{"line":108,"column":72},"skip":true},{"start":{"line":108,"column":77},"end":{"line":108,"column":82},"skip":true},{"start":{"line":109,"column":20},"end":{"line":109,"column":39},"skip":true},{"start":{"line":110,"column":20},"end":{"line":110,"column":49},"skip":true},{"start":{"line":111,"column":20},"end":{"line":111,"column":58},"skip":true},{"start":{"line":112,"column":20},"end":{"line":112,"column":68},"skip":true}]},"15":{"line":129,"type":"if","locations":[{"start":{"line":129,"column":16},"end":{"line":129,"column":16},"skip":true},{"start":{"line":129,"column":16},"end":{"line":129,"column":16},"skip":true}]},"16":{"line":134,"type":"cond-expr","locations":[{"start":{"line":135,"column":26},"end":{"line":135,"column":29},"skip":true},{"start":{"line":136,"column":26},"end":{"line":136,"column":54},"skip":true}]},"17":{"line":164,"type":"binary-expr","locations":[{"start":{"line":164,"column":27},"end":{"line":164,"column":43},"skip":true},{"start":{"line":164,"column":47},"end":{"line":164,"column":49},"skip":true}]},"18":{"line":258,"type":"if","locations":[{"start":{"line":258,"column":8},"end":{"line":258,"column":8},"skip":true},{"start":{"line":258,"column":8},"end":{"line":258,"column":8},"skip":true}]},"19":{"line":275,"type":"switch","locations":[{"start":{"line":276,"column":20},"end":{"line":277,"column":64},"skip":true},{"start":{"line":278,"column":20},"end":{"line":279,"column":40},"skip":true},{"start":{"line":280,"column":20},"end":{"line":281,"column":40},"skip":true},{"start":{"line":282,"column":20},"end":{"line":283,"column":39},"skip":true}]},"20":{"line":288,"type":"if","locations":[{"start":{"line":288,"column":8},"end":{"line":288,"column":8},"skip":true},{"start":{"line":288,"column":8},"end":{"line":288,"column":8},"skip":true}]},"21":{"line":288,"type":"binary-expr","locations":[{"start":{"line":288,"column":12},"end":{"line":288,"column":40},"skip":true},{"start":{"line":288,"column":44},"end":{"line":288,"column":67},"skip":true}]},"22":{"line":292,"type":"binary-expr","locations":[{"start":{"line":292,"column":12},"end":{"line":292,"column":50},"skip":true},{"start":{"line":293,"column":12},"end":{"line":293,"column":53},"skip":true}]},"23":{"line":295,"type":"binary-expr","locations":[{"start":{"line":295,"column":12},"end":{"line":295,"column":69},"skip":true},{"start":{"line":296,"column":12},"end":{"line":301,"column":36},"skip":true}]},"24":{"line":302,"type":"binary-expr","locations":[{"start":{"line":302,"column":43},"end":{"line":302,"column":75},"skip":true},{"start":{"line":302,"column":79},"end":{"line":302,"column":81},"skip":true}]},"25":{"line":305,"type":"if","locations":[{"start":{"line":305,"column":8},"end":{"line":305,"column":8},"skip":true},{"start":{"line":305,"column":8},"end":{"line":305,"column":8},"skip":true}]},"26":{"line":309,"type":"if","locations":[{"start":{"line":309,"column":8},"end":{"line":309,"column":8},"skip":true},{"start":{"line":309,"column":8},"end":{"line":309,"column":8},"skip":true}]},"27":{"line":312,"type":"binary-expr","locations":[{"start":{"line":312,"column":27},"end":{"line":312,"column":43},"skip":true},{"start":{"line":312,"column":47},"end":{"line":312,"column":53},"skip":true}]},"28":{"line":316,"type":"if","locations":[{"start":{"line":316,"column":12},"end":{"line":316,"column":12},"skip":true},{"start":{"line":316,"column":12},"end":{"line":316,"column":12},"skip":true}]}},"code":["/*","example.js","","quickstart example","","instruction","    1. save this script as example.js","    2. run the shell command:","        $ npm install npmtest-next-update && PORT=8081 node example.js","    3. play with the browser-demo on http://127.0.0.1:8081","*/","","","","/* istanbul instrument in package npmtest_next_update */","/*jslint","    bitwise: true,","    browser: true,","    maxerr: 8,","    maxlen: 96,","    node: true,","    nomen: true,","    regexp: true,","    stupid: true","*/","(function () {","    'use strict';","    var local;","","","","    // run shared js-env code - pre-init","    (function () {","        // init local","        local = {};","        // init modeJs","        local.modeJs = (function () {","            try {","                return typeof navigator.userAgent === 'string' &&","                    typeof document.querySelector('body') === 'object' &&","                    typeof XMLHttpRequest.prototype.open === 'function' &&","                    'browser';","            } catch (errorCaughtBrowser) {","                return module.exports &&","                    typeof process.versions.node === 'string' &&","                    typeof require('http').createServer === 'function' &&","                    'node';","            }","        }());","        // init global","        local.global = local.modeJs === 'browser'","            ? window","            : global;","        // init utility2_rollup","        local = local.global.utility2_rollup || (local.modeJs === 'browser'","            ? local.global.utility2_npmtest_next_update","            : global.utility2_moduleExports);","        // export local","        local.global.local = local;","    }());","    switch (local.modeJs) {","","","","    // post-init","    // run browser js-env code - post-init","    /* istanbul ignore next */","    case 'browser':","        local.testRunBrowser = function (event) {","            if (!event || (event &&","                    event.currentTarget &&","                    event.currentTarget.className &&","                    event.currentTarget.className.includes &&","                    event.currentTarget.className.includes('onreset'))) {","                // reset output","                Array.from(","                    document.querySelectorAll('body > .resettable')","                ).forEach(function (element) {","                    switch (element.tagName) {","                    case 'INPUT':","                    case 'TEXTAREA':","                        element.value = '';","                        break;","                    default:","                        element.textContent = '';","                    }","                });","            }","            switch (event && event.currentTarget && event.currentTarget.id) {","            case 'testRunButton1':","                // show tests","                if (document.querySelector('#testReportDiv1').style.display === 'none') {","                    document.querySelector('#testReportDiv1').style.display = 'block';","                    document.querySelector('#testRunButton1').textContent =","                        'hide internal test';","                    local.modeTest = true;","                    local.testRunDefault(local);","                // hide tests","                } else {","                    document.querySelector('#testReportDiv1').style.display = 'none';","                    document.querySelector('#testRunButton1').textContent = 'run internal test';","                }","                break;","            // custom-case","            default:","                break;","            }","            if (document.querySelector('#inputTextareaEval1') && (!event || (event &&","                    event.currentTarget &&","                    event.currentTarget.className &&","                    event.currentTarget.className.includes &&","                    event.currentTarget.className.includes('oneval')))) {","                // try to eval input-code","                try {","                    /*jslint evil: true*/","                    eval(document.querySelector('#inputTextareaEval1').value);","                } catch (errorCaught) {","                    console.error(errorCaught.stack);","                }","            }","        };","        // log stderr and stdout to #outputTextareaStdout1","        ['error', 'log'].forEach(function (key) {","            console[key + '_original'] = console[key];","            console[key] = function () {","                var element;","                console[key + '_original'].apply(console, arguments);","                element = document.querySelector('#outputTextareaStdout1');","                if (!element) {","                    return;","                }","                // append text to #outputTextareaStdout1","                element.value += Array.from(arguments).map(function (arg) {","                    return typeof arg === 'string'","                        ? arg","                        : JSON.stringify(arg, null, 4);","                }).join(' ') + '\\n';","                // scroll textarea to bottom","                element.scrollTop = element.scrollHeight;","            };","        });","        // init event-handling","        ['change', 'click', 'keyup'].forEach(function (event) {","            Array.from(document.querySelectorAll('.on' + event)).forEach(function (element) {","                element.addEventListener(event, local.testRunBrowser);","            });","        });","        // run tests","        local.testRunBrowser();","        break;","","","","    // run node js-env code - post-init","    /* istanbul ignore next */","    case 'node':","        // export local","        module.exports = local;","        // require modules","        local.fs = require('fs');","        local.http = require('http');","        local.url = require('url');","        // init assets","        local.assetsDict = local.assetsDict || {};","        /* jslint-ignore-begin */","        local.assetsDict['/assets.index.template.html'] = '\\","<!doctype html>\\n\\","<html lang=\"en\">\\n\\","<head>\\n\\","<meta charset=\"UTF-8\">\\n\\","<meta name=\"viewport\" content=\"width=device-width, initial-scale=1\">\\n\\","<title>{{env.npm_package_name}} (v{{env.npm_package_version}})</title>\\n\\","<style>\\n\\","/*csslint\\n\\","    box-sizing: false,\\n\\","    universal-selector: false\\n\\","*/\\n\\","* {\\n\\","    box-sizing: border-box;\\n\\","}\\n\\","body {\\n\\","    background: #dde;\\n\\","    font-family: Arial, Helvetica, sans-serif;\\n\\","    margin: 2rem;\\n\\","}\\n\\","body > * {\\n\\","    margin-bottom: 1rem;\\n\\","}\\n\\",".utility2FooterDiv {\\n\\","    margin-top: 20px;\\n\\","    text-align: center;\\n\\","}\\n\\","</style>\\n\\","<style>\\n\\","/*csslint\\n\\","*/\\n\\","textarea {\\n\\","    font-family: monospace;\\n\\","    height: 10rem;\\n\\","    width: 100%;\\n\\","}\\n\\","textarea[readonly] {\\n\\","    background: #ddd;\\n\\","}\\n\\","</style>\\n\\","</head>\\n\\","<body>\\n\\","<!-- utility2-comment\\n\\","<div id=\"ajaxProgressDiv1\" style=\"background: #d00; height: 2px; left: 0; margin: 0; padding: 0; position: fixed; top: 0; transition: background 0.5s, width 1.5s; width: 25%;\"></div>\\n\\","utility2-comment -->\\n\\","<h1>\\n\\","<!-- utility2-comment\\n\\","    <a\\n\\","        {{#if env.npm_package_homepage}}\\n\\","        href=\"{{env.npm_package_homepage}}\"\\n\\","        {{/if env.npm_package_homepage}}\\n\\","        target=\"_blank\"\\n\\","    >\\n\\","utility2-comment -->\\n\\","        {{env.npm_package_name}} (v{{env.npm_package_version}})\\n\\","<!-- utility2-comment\\n\\","    </a>\\n\\","utility2-comment -->\\n\\","</h1>\\n\\","<h3>{{env.npm_package_description}}</h3>\\n\\","<!-- utility2-comment\\n\\","<h4><a download href=\"assets.app.js\">download standalone app</a></h4>\\n\\","<button class=\"onclick onreset\" id=\"testRunButton1\">run internal test</button><br>\\n\\","<div id=\"testReportDiv1\" style=\"display: none;\"></div>\\n\\","utility2-comment -->\\n\\","\\n\\","\\n\\","\\n\\","<label>stderr and stdout</label>\\n\\","<textarea class=\"resettable\" id=\"outputTextareaStdout1\" readonly></textarea>\\n\\","<!-- utility2-comment\\n\\","{{#if isRollup}}\\n\\","<script src=\"assets.app.js\"></script>\\n\\","{{#unless isRollup}}\\n\\","utility2-comment -->\\n\\","<script src=\"assets.utility2.rollup.js\"></script>\\n\\","<script src=\"jsonp.utility2._stateInit?callback=window.utility2._stateInit\"></script>\\n\\","<script src=\"assets.npmtest_next_update.rollup.js\"></script>\\n\\","<script src=\"assets.example.js\"></script>\\n\\","<script src=\"assets.test.js\"></script>\\n\\","<!-- utility2-comment\\n\\","{{/if isRollup}}\\n\\","utility2-comment -->\\n\\","<div class=\"utility2FooterDiv\">\\n\\","    [ this app was created with\\n\\","    <a href=\"https://github.com/kaizhu256/node-utility2\" target=\"_blank\">utility2</a>\\n\\","    ]\\n\\","</div>\\n\\","</body>\\n\\","</html>\\n\\","';","        /* jslint-ignore-end */","        if (local.templateRender) {","            local.assetsDict['/'] = local.templateRender(","                local.assetsDict['/assets.index.template.html'],","                {","                    env: local.objectSetDefault(local.env, {","                        npm_package_description: 'the greatest app in the world!',","                        npm_package_name: 'my-app',","                        npm_package_nameAlias: 'my_app',","                        npm_package_version: '0.0.1'","                    })","                }","            );","        } else {","            local.assetsDict['/'] = local.assetsDict['/assets.index.template.html']","                .replace((/\\{\\{env\\.(\\w+?)\\}\\}/g), function (match0, match1) {","                    // jslint-hack","                    String(match0);","                    switch (match1) {","                    case 'npm_package_description':","                        return 'the greatest app in the world!';","                    case 'npm_package_name':","                        return 'my-app';","                    case 'npm_package_nameAlias':","                        return 'my_app';","                    case 'npm_package_version':","                        return '0.0.1';","                    }","                });","        }","        // run the cli","        if (local.global.utility2_rollup || module !== require.main) {","            break;","        }","        local.assetsDict['/assets.example.js'] =","            local.assetsDict['/assets.example.js'] ||","            local.fs.readFileSync(__filename, 'utf8');","        local.assetsDict['/assets.npmtest_next_update.rollup.js'] =","            local.assetsDict['/assets.npmtest_next_update.rollup.js'] ||","            local.fs.readFileSync(","                // buildCustomOrg-hack","                local.npmtest_next_update.__dirname +","                    '/lib.npmtest_next_update.js',","                'utf8'","            ).replace((/^#!/), '//');","        local.assetsDict['/favicon.ico'] = local.assetsDict['/favicon.ico'] || '';","        // if $npm_config_timeout_exit exists,","        // then exit this process after $npm_config_timeout_exit ms","        if (Number(process.env.npm_config_timeout_exit)) {","            setTimeout(process.exit, Number(process.env.npm_config_timeout_exit));","        }","        // start server","        if (local.global.utility2_serverHttp1) {","            break;","        }","        process.env.PORT = process.env.PORT || '8081';","        console.error('server starting on port ' + process.env.PORT);","        local.http.createServer(function (request, response) {","            request.urlParsed = local.url.parse(request.url);","            if (local.assetsDict[request.urlParsed.pathname] !== undefined) {","                response.end(local.assetsDict[request.urlParsed.pathname]);","                return;","            }","            response.statusCode = 404;","            response.end();","        }).listen(process.env.PORT);","        break;","    }","}());",""],"l":{"26":2,"28":2,"33":2,"35":2,"37":2,"38":2,"39":2,"44":1,"51":2,"55":2,"59":2,"61":2,"69":1,"70":2,"76":2,"79":2,"82":2,"83":2,"85":1,"89":2,"92":1,"93":1,"94":1,"96":1,"97":1,"100":1,"101":1,"103":1,"106":1,"108":2,"114":1,"116":1,"118":1,"123":1,"124":2,"125":2,"126":2,"127":2,"128":2,"129":2,"130":1,"133":2,"134":2,"139":2,"143":1,"144":3,"145":1,"149":1,"150":1,"158":1,"160":1,"161":1,"162":1,"164":1,"166":1,"258":1,"259":1,"271":1,"274":6,"275":6,"277":1,"279":2,"281":1,"283":2,"288":1,"289":1,"291":1,"294":1,"302":1,"305":1,"306":1,"309":1,"310":1,"312":1,"313":1,"314":1,"315":1,"316":1,"317":1,"318":1,"320":1,"321":1,"323":1}},"/home/travis/build/npmtest/node-npmtest-next-update/next-update/index.js":{"path":"/home/travis/build/npmtest/node-npmtest-next-update/next-update/index.js","s":{"1":1,"2":1,"3":1,"4":0,"5":1},"b":{"1":[0,1]},"f":{},"fnMap":{},"statementMap":{"1":{"start":{"line":1,"column":0},"end":{"line":1,"column":21}},"2":{"start":{"line":2,"column":0},"end":{"line":2,"column":27}},"3":{"start":{"line":4,"column":0},"end":{"line":6,"column":1}},"4":{"start":{"line":5,"column":2},"end":{"line":5,"column":76}},"5":{"start":{"line":8,"column":0},"end":{"line":8,"column":56}}},"branchMap":{"1":{"line":4,"type":"if","locations":[{"start":{"line":4,"column":0},"end":{"line":4,"column":0}},{"start":{"line":4,"column":0},"end":{"line":4,"column":0}}]}},"code":["var q = require('q');","q.longStackSupport =  true;","","if (!module.parent) {","  throw new Error('Please run bin/next-update.js for stand alone CLI tool');","}","","module.exports = require('./src/next-update-as-module');",""],"l":{"1":1,"2":1,"4":1,"5":0,"8":1}},"/home/travis/build/npmtest/node-npmtest-next-update/next-update/src/next-update-as-module.js":{"path":"/home/travis/build/npmtest/node-npmtest-next-update/next-update/src/next-update-as-module.js","s":{"1":1,"2":1,"3":0,"4":0,"5":0,"6":0},"b":{"1":[0,0],"2":[0,0],"3":[0,0]},"f":{"1":0},"fnMap":{"1":{"name":"nextUpdateTopLevel","line":3,"loc":{"start":{"line":3,"column":17},"end":{"line":3,"column":54}}}},"statementMap":{"1":{"start":{"line":1,"column":0},"end":{"line":1,"column":42}},"2":{"start":{"line":3,"column":0},"end":{"line":20,"column":2}},"3":{"start":{"line":4,"column":2},"end":{"line":4,"column":26}},"4":{"start":{"line":5,"column":2},"end":{"line":14,"column":4}},"5":{"start":{"line":16,"column":2},"end":{"line":16,"column":65}},"6":{"start":{"line":18,"column":2},"end":{"line":19,"column":24}}},"branchMap":{"1":{"line":4,"type":"binary-expr","locations":[{"start":{"line":4,"column":12},"end":{"line":4,"column":19}},{"start":{"line":4,"column":23},"end":{"line":4,"column":25}}]},"2":{"line":10,"type":"binary-expr","locations":[{"start":{"line":10,"column":19},"end":{"line":10,"column":32}},{"start":{"line":10,"column":36},"end":{"line":10,"column":50}}]},"3":{"line":11,"type":"binary-expr","locations":[{"start":{"line":11,"column":11},"end":{"line":11,"column":24}},{"start":{"line":11,"column":28},"end":{"line":11,"column":43}}]}},"code":["var nextUpdate = require('./next-update');","","module.exports = function nextUpdateTopLevel(options) {","  options = options || {};","  var opts = {","    names: options.module,","    testCommand: options.test,","    latest: Boolean(options.latest),","    keep: Boolean(options.keep),","    color: Boolean(options.color || options.colors),","    allow: options.allow || options.allowed,","    type: options.type,","    changedLog: options['changed-log']","  };","","  var checkUpdates = nextUpdate.checkAllUpdates.bind(null, opts);","","  return nextUpdate.checkCurrentInstall(opts)","    .then(checkUpdates);","};",""],"l":{"1":1,"3":1,"4":0,"5":0,"16":0,"18":0}},"/home/travis/build/npmtest/node-npmtest-next-update/next-update/src/next-update.js":{"path":"/home/travis/build/npmtest/node-npmtest-next-update/next-update/src/next-update.js","s":{"1":1,"2":1,"3":1,"4":1,"5":1,"6":1,"7":1,"8":1,"9":1,"10":1,"11":1,"12":1,"13":1,"14":1,"15":1,"16":1,"17":1,"18":1,"19":1,"20":0,"21":0,"22":0,"23":0,"24":0,"25":0,"26":0,"27":0,"28":0,"29":0,"30":1,"31":0,"32":0,"33":0,"34":0,"35":0,"36":0,"37":0,"38":1,"39":0,"40":0,"41":0,"42":1,"43":0,"44":0,"45":0,"46":0,"47":0,"48":0,"49":1,"50":1,"51":0,"52":1,"53":0,"54":0,"55":0,"56":0,"57":0,"58":0,"59":1,"60":0,"61":0,"62":0,"63":0,"64":0,"65":0,"66":0,"67":0,"68":0,"69":0,"70":0,"71":0,"72":0,"73":0,"74":0,"75":0,"76":0,"77":0,"78":0,"79":0,"80":0,"81":0,"82":0,"83":0,"84":0,"85":0,"86":0,"87":0,"88":0,"89":1,"90":0,"91":0,"92":0,"93":0,"94":0,"95":0,"96":0,"97":0,"98":0,"99":0,"100":0,"101":0,"102":1},"b":{"1":[0,0],"2":[0,0],"3":[0,0],"4":[0,0],"5":[0,0,0],"6":[0,0],"7":[0,0],"8":[0,0],"9":[0,0],"10":[0,0],"11":[0,0],"12":[0,0],"13":[0,0],"14":[0,0],"15":[0,0],"16":[0,0],"17":[0,0],"18":[0,0],"19":[0,0]},"f":{"1":0,"2":0,"3":0,"4":0,"5":0,"6":0,"7":0,"8":0,"9":0,"10":0,"11":0,"12":0,"13":0,"14":0,"15":0},"fnMap":{"1":{"name":"available","line":24,"loc":{"start":{"line":24,"column":0},"end":{"line":24,"column":40}}},"2":{"name":"(anonymous_2)","line":37,"loc":{"start":{"line":37,"column":36},"end":{"line":37,"column":52}}},"3":{"name":"(anonymous_3)","line":39,"loc":{"start":{"line":39,"column":7},"end":{"line":39,"column":24}}},"4":{"name":"checkDependenciesInstalled","line":44,"loc":{"start":{"line":44,"column":0},"end":{"line":44,"column":38}}},"5":{"name":"(anonymous_5)","line":46,"loc":{"start":{"line":46,"column":21},"end":{"line":46,"column":33}}},"6":{"name":"cleanDependencies","line":57,"loc":{"start":{"line":57,"column":0},"end":{"line":57,"column":29}}},"7":{"name":"checkCurrentInstall","line":63,"loc":{"start":{"line":63,"column":0},"end":{"line":63,"column":38}}},"8":{"name":"(anonymous_8)","line":70,"loc":{"start":{"line":70,"column":14},"end":{"line":70,"column":26}}},"9":{"name":"(anonymous_9)","line":73,"loc":{"start":{"line":73,"column":14},"end":{"line":73,"column":26}}},"10":{"name":"isSingleItem","line":80,"loc":{"start":{"line":80,"column":0},"end":{"line":80,"column":29}}},"11":{"name":"makeSureValidModule","line":86,"loc":{"start":{"line":86,"column":0},"end":{"line":86,"column":59}}},"12":{"name":"checkAllUpdates","line":97,"loc":{"start":{"line":97,"column":0},"end":{"line":97,"column":34}}},"13":{"name":"(anonymous_13)","line":135,"loc":{"start":{"line":135,"column":14},"end":{"line":135,"column":32}}},"14":{"name":"(anonymous_14)","line":139,"loc":{"start":{"line":139,"column":16},"end":{"line":139,"column":28}}},"15":{"name":"isSingleSpecificVersion","line":156,"loc":{"start":{"line":156,"column":0},"end":{"line":156,"column":46}}}},"statementMap":{"1":{"start":{"line":1,"column":0},"end":{"line":1,"column":29}},"2":{"start":{"line":2,"column":0},"end":{"line":2,"column":40}},"3":{"start":{"line":3,"column":0},"end":{"line":3,"column":26}},"4":{"start":{"line":4,"column":0},"end":{"line":4,"column":24}},"5":{"start":{"line":6,"column":0},"end":{"line":6,"column":42}},"6":{"start":{"line":7,"column":0},"end":{"line":7,"column":21}},"7":{"start":{"line":8,"column":0},"end":{"line":8,"column":26}},"8":{"start":{"line":9,"column":0},"end":{"line":9,"column":32}},"9":{"start":{"line":10,"column":0},"end":{"line":10,"column":26}},"10":{"start":{"line":12,"column":0},"end":{"line":12,"column":48}},"11":{"start":{"line":13,"column":0},"end":{"line":13,"column":37}},"12":{"start":{"line":14,"column":0},"end":{"line":14,"column":41}},"13":{"start":{"line":15,"column":0},"end":{"line":15,"column":72}},"14":{"start":{"line":16,"column":0},"end":{"line":16,"column":59}},"15":{"start":{"line":17,"column":0},"end":{"line":17,"column":55}},"16":{"start":{"line":18,"column":0},"end":{"line":18,"column":52}},"17":{"start":{"line":19,"column":0},"end":{"line":19,"column":36}},"18":{"start":{"line":21,"column":0},"end":{"line":21,"column":48}},"19":{"start":{"line":24,"column":0},"end":{"line":42,"column":1}},"20":{"start":{"line":25,"column":4},"end":{"line":25,"column":28}},"21":{"start":{"line":26,"column":4},"end":{"line":26,"column":62}},"22":{"start":{"line":27,"column":4},"end":{"line":27,"column":79}},"23":{"start":{"line":28,"column":4},"end":{"line":31,"column":6}},"24":{"start":{"line":33,"column":4},"end":{"line":33,"column":44}},"25":{"start":{"line":34,"column":4},"end":{"line":34,"column":21}},"26":{"start":{"line":36,"column":4},"end":{"line":36,"column":61}},"27":{"start":{"line":37,"column":4},"end":{"line":41,"column":7}},"28":{"start":{"line":38,"column":8},"end":{"line":38,"column":59}},"29":{"start":{"line":40,"column":8},"end":{"line":40,"column":68}},"30":{"start":{"line":44,"column":0},"end":{"line":55,"column":1}},"31":{"start":{"line":45,"column":4},"end":{"line":45,"column":26}},"32":{"start":{"line":46,"column":4},"end":{"line":53,"column":7}},"33":{"start":{"line":47,"column":8},"end":{"line":52,"column":9}},"34":{"start":{"line":48,"column":12},"end":{"line":48,"column":28}},"35":{"start":{"line":50,"column":12},"end":{"line":50,"column":110}},"36":{"start":{"line":51,"column":12},"end":{"line":51,"column":41}},"37":{"start":{"line":54,"column":4},"end":{"line":54,"column":25}},"38":{"start":{"line":57,"column":0},"end":{"line":61,"column":1}},"39":{"start":{"line":58,"column":4},"end":{"line":58,"column":56}},"40":{"start":{"line":59,"column":4},"end":{"line":59,"column":54}},"41":{"start":{"line":60,"column":4},"end":{"line":60,"column":32}},"42":{"start":{"line":63,"column":0},"end":{"line":76,"column":1}},"43":{"start":{"line":64,"column":4},"end":{"line":64,"column":28}},"44":{"start":{"line":65,"column":4},"end":{"line":65,"column":54}},"45":{"start":{"line":66,"column":4},"end":{"line":66,"column":47}},"46":{"start":{"line":68,"column":4},"end":{"line":75,"column":11}},"47":{"start":{"line":71,"column":12},"end":{"line":71,"column":59}},"48":{"start":{"line":74,"column":12},"end":{"line":74,"column":60}},"49":{"start":{"line":78,"column":0},"end":{"line":78,"column":49}},"50":{"start":{"line":80,"column":0},"end":{"line":84,"column":1}},"51":{"start":{"line":81,"column":4},"end":{"line":83,"column":27}},"52":{"start":{"line":86,"column":0},"end":{"line":94,"column":1}},"53":{"start":{"line":87,"column":4},"end":{"line":87,"column":80}},"54":{"start":{"line":88,"column":4},"end":{"line":88,"column":91}},"55":{"start":{"line":89,"column":4},"end":{"line":93,"column":5}},"56":{"start":{"line":90,"column":8},"end":{"line":90,"column":96}},"57":{"start":{"line":91,"column":8},"end":{"line":91,"column":47}},"58":{"start":{"line":92,"column":8},"end":{"line":92,"column":25}},"59":{"start":{"line":97,"column":0},"end":{"line":154,"column":1}},"60":{"start":{"line":98,"column":4},"end":{"line":98,"column":28}},"61":{"start":{"line":99,"column":4},"end":{"line":99,"column":35}},"62":{"start":{"line":100,"column":4},"end":{"line":100,"column":43}},"63":{"start":{"line":101,"column":4},"end":{"line":101,"column":43}},"64":{"start":{"line":102,"column":4},"end":{"line":104,"column":5}},"65":{"start":{"line":103,"column":8},"end":{"line":103,"column":83}},"66":{"start":{"line":105,"column":4},"end":{"line":105,"column":26}},"67":{"start":{"line":106,"column":4},"end":{"line":109,"column":5}},"68":{"start":{"line":107,"column":8},"end":{"line":107,"column":31}},"69":{"start":{"line":108,"column":8},"end":{"line":108,"column":75}},"70":{"start":{"line":111,"column":4},"end":{"line":113,"column":5}},"71":{"start":{"line":112,"column":8},"end":{"line":112,"column":34}},"72":{"start":{"line":114,"column":4},"end":{"line":114,"column":40}},"73":{"start":{"line":115,"column":4},"end":{"line":117,"column":5}},"74":{"start":{"line":116,"column":8},"end":{"line":116,"column":74}},"75":{"start":{"line":118,"column":4},"end":{"line":118,"column":62}},"76":{"start":{"line":119,"column":4},"end":{"line":119,"column":76}},"77":{"start":{"line":121,"column":4},"end":{"line":121,"column":45}},"78":{"start":{"line":123,"column":4},"end":{"line":132,"column":7}},"79":{"start":{"line":134,"column":4},"end":{"line":152,"column":11}},"80":{"start":{"line":136,"column":12},"end":{"line":138,"column":13}},"81":{"start":{"line":137,"column":16},"end":{"line":137,"column":74}},"82":{"start":{"line":140,"column":12},"end":{"line":151,"column":13}},"83":{"start":{"line":141,"column":16},"end":{"line":141,"column":58}},"84":{"start":{"line":142,"column":16},"end":{"line":142,"column":76}},"85":{"start":{"line":143,"column":16},"end":{"line":146,"column":19}},"86":{"start":{"line":147,"column":16},"end":{"line":147,"column":47}},"87":{"start":{"line":149,"column":16},"end":{"line":149,"column":90}},"88":{"start":{"line":150,"column":16},"end":{"line":150,"column":67}},"89":{"start":{"line":156,"column":0},"end":{"line":174,"column":1}},"90":{"start":{"line":157,"column":4},"end":{"line":159,"column":5}},"91":{"start":{"line":158,"column":8},"end":{"line":158,"column":21}},"92":{"start":{"line":160,"column":4},"end":{"line":160,"column":27}},"93":{"start":{"line":161,"column":4},"end":{"line":166,"column":5}},"94":{"start":{"line":162,"column":8},"end":{"line":164,"column":9}},"95":{"start":{"line":163,"column":12},"end":{"line":163,"column":25}},"96":{"start":{"line":165,"column":8},"end":{"line":165,"column":30}},"97":{"start":{"line":167,"column":4},"end":{"line":168,"column":30}},"98":{"start":{"line":169,"column":4},"end":{"line":169,"column":41}},"99":{"start":{"line":170,"column":4},"end":{"line":172,"column":5}},"100":{"start":{"line":171,"column":8},"end":{"line":171,"column":21}},"101":{"start":{"line":173,"column":4},"end":{"line":173,"column":40}},"102":{"start":{"line":176,"column":0},"end":{"line":180,"column":2}}},"branchMap":{"1":{"line":25,"type":"binary-expr","locations":[{"start":{"line":25,"column":14},"end":{"line":25,"column":21}},{"start":{"line":25,"column":25},"end":{"line":25,"column":27}}]},"2":{"line":47,"type":"if","locations":[{"start":{"line":47,"column":8},"end":{"line":47,"column":8}},{"start":{"line":47,"column":8},"end":{"line":47,"column":8}}]},"3":{"line":64,"type":"binary-expr","locations":[{"start":{"line":64,"column":14},"end":{"line":64,"column":21}},{"start":{"line":64,"column":25},"end":{"line":64,"column":27}}]},"4":{"line":65,"type":"cond-expr","locations":[{"start":{"line":65,"column":29},"end":{"line":65,"column":35}},{"start":{"line":65,"column":38},"end":{"line":65,"column":53}}]},"5":{"line":81,"type":"binary-expr","locations":[{"start":{"line":81,"column":11},"end":{"line":81,"column":16}},{"start":{"line":82,"column":8},"end":{"line":82,"column":26}},{"start":{"line":83,"column":8},"end":{"line":83,"column":26}}]},"6":{"line":89,"type":"if","locations":[{"start":{"line":89,"column":4},"end":{"line":89,"column":4}},{"start":{"line":89,"column":4},"end":{"line":89,"column":4}}]},"7":{"line":89,"type":"binary-expr","locations":[{"start":{"line":89,"column":8},"end":{"line":89,"column":33}},{"start":{"line":89,"column":37},"end":{"line":89,"column":65}}]},"8":{"line":98,"type":"binary-expr","locations":[{"start":{"line":98,"column":14},"end":{"line":98,"column":21}},{"start":{"line":98,"column":25},"end":{"line":98,"column":27}}]},"9":{"line":102,"type":"if","locations":[{"start":{"line":102,"column":4},"end":{"line":102,"column":4}},{"start":{"line":102,"column":4},"end":{"line":102,"column":4}}]},"10":{"line":106,"type":"if","locations":[{"start":{"line":106,"column":4},"end":{"line":106,"column":4}},{"start":{"line":106,"column":4},"end":{"line":106,"column":4}}]},"11":{"line":111,"type":"if","locations":[{"start":{"line":111,"column":4},"end":{"line":111,"column":4}},{"start":{"line":111,"column":4},"end":{"line":111,"column":4}}]},"12":{"line":115,"type":"if","locations":[{"start":{"line":115,"column":4},"end":{"line":115,"column":4}},{"start":{"line":115,"column":4},"end":{"line":115,"column":4}}]},"13":{"line":129,"type":"binary-expr","locations":[{"start":{"line":129,"column":17},"end":{"line":129,"column":30}},{"start":{"line":129,"column":34},"end":{"line":129,"column":49}}]},"14":{"line":136,"type":"if","locations":[{"start":{"line":136,"column":12},"end":{"line":136,"column":12}},{"start":{"line":136,"column":12},"end":{"line":136,"column":12}}]},"15":{"line":140,"type":"if","locations":[{"start":{"line":140,"column":12},"end":{"line":140,"column":12}},{"start":{"line":140,"column":12},"end":{"line":140,"column":12}}]},"16":{"line":157,"type":"if","locations":[{"start":{"line":157,"column":4},"end":{"line":157,"column":4}},{"start":{"line":157,"column":4},"end":{"line":157,"column":4}}]},"17":{"line":161,"type":"if","locations":[{"start":{"line":161,"column":4},"end":{"line":161,"column":4}},{"start":{"line":161,"column":4},"end":{"line":161,"column":4}}]},"18":{"line":162,"type":"if","locations":[{"start":{"line":162,"column":8},"end":{"line":162,"column":8}},{"start":{"line":162,"column":8},"end":{"line":162,"column":8}}]},"19":{"line":170,"type":"if","locations":[{"start":{"line":170,"column":4},"end":{"line":170,"column":4}},{"start":{"line":170,"column":4},"end":{"line":170,"column":4}}]}},"code":["var la = require('lazy-ass');","var check = require('check-more-types');","var verify = check.verify;","require('console.json');","","var log = require('debug')('next-update');","var Q = require('q');","Q.longStackSupport = true;","var depsOk = require('deps-ok');","var _ = require('lodash');","","var nameVersionParser = require('./moduleName');","var registry = require('./registry');","var nextVersions = registry.nextVersions;","var testVersions = require('./test-module-version').testModulesVersions;","var runTest = require('./test-module-version').testPromise;","var getDependenciesToCheck = require('./dependencies');","var reportAvailable = require('./report-available');","var npmUtils = require('npm-utils');","","var boundConsoleLog = console.log.bind(console);","","// returns a promise","function available(moduleName, options) {","    options = options || {};","    var toCheck = getDependenciesToCheck(options, moduleName);","    la(check.array(toCheck), 'expected object of deps to check, was', toCheck);","    var toCheckHash = _.zipObject(","        _.pluck(toCheck, 'name'),","        _.pluck(toCheck, 'version')","    );","","    log('need to check these dependencies');","    log(toCheckHash);","","    var nextVersionsPromise = nextVersions(options, toCheck);","    return nextVersionsPromise.then(function (info) {","        return reportAvailable(info, toCheckHash, options);","    }, function (error) {","        console.error('Could not fetch available modules\\n', error);","    });","}","","function checkDependenciesInstalled() {","    var defer = Q.defer();","    process.nextTick(function () {","        if (depsOk(process.cwd())) {","            defer.resolve();","        } else {","            var msg = 'Current installation is incomplete. Please run `npm install` or `bower install` first';","            defer.reject(new Error(msg));","        }","    });","    return defer.promise;","}","","function cleanDependencies() {","    var update = _.partial(npmUtils.test, 'npm update');","    var prune = _.partial(npmUtils.test, 'npm prune');","    return update().then(prune);","}","","function checkCurrentInstall(options) {","    options = options || {};","    var log = options.tldr ? _.noop : boundConsoleLog;","    log('checking if the current state works');","","    return cleanDependencies()","        .then(checkDependenciesInstalled)","        .then(function () {","            return runTest(options, options.testCommand)();","        })","        .then(function () {","            console.log('> tests are passing at the start');","        });","}","","var isOnline = Q.denodeify(require('is-online'));","","function isSingleItem(names) {","    return names &&","        check.array(names) &&","        names.length === 1;","}","","function makeSureValidModule(moduleNames, checkingModules) {","    la(check.maybe.array(moduleNames), 'expected list of modules', moduleNames);","    la(check.array(checkingModules), 'expected list of modules to check', checkingModules);","    if (isSingleItem(moduleNames) && check.empty(checkingModules)) {","        console.error('Could not find module \"%s\" in the list of dependencies', moduleNames[0]);","        console.error('Please check the name');","        process.exit(-1);","    }","}","","// returns promise","function checkAllUpdates(options) {","    options = options || {};","    var moduleName = options.names;","    var checkLatestOnly = !!options.latest;","    var checkCommand = options.testCommand;","    if (checkCommand) {","        verify.unemptyString(checkCommand, 'invalid test command ' + checkCommand);","    }","    var all = options.all;","    if (all) {","        checkLatestOnly = true;","        console.log('will check only latest versions because testing all');","    }","","    if (check.string(moduleName)) {","        moduleName = [moduleName];","    }","    checkLatestOnly = !!checkLatestOnly;","    if (checkCommand) {","        check.verify.string(checkCommand, 'expected string test command');","    }","    var toCheck = getDependenciesToCheck(options, moduleName);","    check.verify.array(toCheck, 'dependencies to check should be an array');","","    makeSureValidModule(moduleName, toCheck);","","    var testVersionsBound = testVersions.bind(null, {","        modules: toCheck,","        command: checkCommand,","        all: all,","        color: options.color,","        keep: options.keep,","        allowed: options.allow || options.allowed,","        tldr: options.tldr,","        type: options.type","    });","","    return isOnline()","        .then(function (online) {","            if (!online) {","                throw new Error('Need to be online to check new modules');","            }","        }).then(function () {","            if (isSingleSpecificVersion(moduleName)) {","                var nv = nameVersionParser(moduleName[0]);","                console.log('checking only specific:', nv.name, nv.version);","                var list = [{","                    name: nv.name,","                    versions: [nv.version]","                }];","                return testVersionsBound(list);","            } else {","                var nextVersionsPromise = nextVersions(options, toCheck, checkLatestOnly);","                return nextVersionsPromise.then(testVersionsBound);","            }","        });","","}","","function isSingleSpecificVersion(moduleNames) {","    if (!moduleNames) {","        return false;","    }","    var name = moduleNames;","    if (Array.isArray(moduleNames)) {","        if (moduleNames.length !== 1) {","            return false;","        }","        name = moduleNames[0];","    }","    check.verify.string(name, 'expected module name string, not ' +","        JSON.stringify(name));","    var parsed = nameVersionParser(name);","    if (check.object(parsed)) {","        return false;","    }","    return check.string(parsed.version);","}","","module.exports = {","    checkCurrentInstall: checkCurrentInstall,","    checkAllUpdates: checkAllUpdates,","    available: available","};",""],"l":{"1":1,"2":1,"3":1,"4":1,"6":1,"7":1,"8":1,"9":1,"10":1,"12":1,"13":1,"14":1,"15":1,"16":1,"17":1,"18":1,"19":1,"21":1,"24":1,"25":0,"26":0,"27":0,"28":0,"33":0,"34":0,"36":0,"37":0,"38":0,"40":0,"44":1,"45":0,"46":0,"47":0,"48":0,"50":0,"51":0,"54":0,"57":1,"58":0,"59":0,"60":0,"63":1,"64":0,"65":0,"66":0,"68":0,"71":0,"74":0,"78":1,"80":1,"81":0,"86":1,"87":0,"88":0,"89":0,"90":0,"91":0,"92":0,"97":1,"98":0,"99":0,"100":0,"101":0,"102":0,"103":0,"105":0,"106":0,"107":0,"108":0,"111":0,"112":0,"114":0,"115":0,"116":0,"118":0,"119":0,"121":0,"123":0,"134":0,"136":0,"137":0,"140":0,"141":0,"142":0,"143":0,"147":0,"149":0,"150":0,"156":1,"157":0,"158":0,"160":0,"161":0,"162":0,"163":0,"165":0,"167":0,"169":0,"170":0,"171":0,"173":0,"176":1}},"/home/travis/build/npmtest/node-npmtest-next-update/next-update/src/moduleName.js":{"path":"/home/travis/build/npmtest/node-npmtest-next-update/next-update/src/moduleName.js","s":{"1":1,"2":1,"3":0,"4":1,"5":0,"6":0,"7":0,"8":1,"9":0,"10":0,"11":0,"12":0,"13":0,"14":1},"b":{"1":[0,0],"2":[0,0]},"f":{"1":0,"2":0,"3":0},"fnMap":{"1":{"name":"isScopedName","line":5,"loc":{"start":{"line":5,"column":0},"end":{"line":5,"column":27}}},"2":{"name":"parseScopedName","line":9,"loc":{"start":{"line":9,"column":0},"end":{"line":9,"column":30}}},"3":{"name":"moduleName","line":15,"loc":{"start":{"line":15,"column":0},"end":{"line":15,"column":25}}}},"statementMap":{"1":{"start":{"line":3,"column":0},"end":{"line":3,"column":40}},"2":{"start":{"line":5,"column":0},"end":{"line":7,"column":1}},"3":{"start":{"line":6,"column":4},"end":{"line":6,"column":53}},"4":{"start":{"line":9,"column":0},"end":{"line":13,"column":1}},"5":{"start":{"line":10,"column":4},"end":{"line":10,"column":43}},"6":{"start":{"line":11,"column":4},"end":{"line":11,"column":36}},"7":{"start":{"line":12,"column":4},"end":{"line":12,"column":18}},"8":{"start":{"line":15,"column":0},"end":{"line":27,"column":1}},"9":{"start":{"line":16,"column":4},"end":{"line":16,"column":60}},"10":{"start":{"line":18,"column":4},"end":{"line":20,"column":5}},"11":{"start":{"line":19,"column":6},"end":{"line":19,"column":34}},"12":{"start":{"line":22,"column":4},"end":{"line":22,"column":31}},"13":{"start":{"line":23,"column":4},"end":{"line":26,"column":6}},"14":{"start":{"line":29,"column":0},"end":{"line":29,"column":28}}},"branchMap":{"1":{"line":6,"type":"binary-expr","locations":[{"start":{"line":6,"column":11},"end":{"line":6,"column":25}},{"start":{"line":6,"column":29},"end":{"line":6,"column":52}}]},"2":{"line":18,"type":"if","locations":[{"start":{"line":18,"column":4},"end":{"line":18,"column":4}},{"start":{"line":18,"column":4},"end":{"line":18,"column":4}}]}},"code":["'use strict';","","var check = require('check-more-types');","","function isScopedName(str) {","    return str[0] === '@' && str.indexOf('/') !== -1;","}","","function parseScopedName(str) {","    var parsed = moduleName(str.substr(1));","    parsed.name = '@' + parsed.name;","    return parsed;","}","","function moduleName(str) {","    check.verify.string(str, 'expected string module name');","","    if (isScopedName(str)) {","      return parseScopedName(str);","    }","","    var parts = str.split('@');","    return {","        name: parts[0],","        version: parts[1]","    };","}","","module.exports = moduleName;",""],"l":{"3":1,"5":1,"6":0,"9":1,"10":0,"11":0,"12":0,"15":1,"16":0,"18":0,"19":0,"22":0,"23":0,"29":1}},"/home/travis/build/npmtest/node-npmtest-next-update/next-update/src/registry.js":{"path":"/home/travis/build/npmtest/node-npmtest-next-update/next-update/src/registry.js","s":{"1":1,"2":1,"3":1,"4":1,"5":1,"6":1,"7":1,"8":1,"9":1,"10":1,"11":1,"12":1,"13":1,"14":1,"15":0,"16":0,"17":0,"18":0,"19":0,"20":0,"21":0,"22":0,"23":0,"24":0,"25":0,"26":0,"27":0,"28":0,"29":0,"30":0,"31":0,"32":0,"33":0,"34":0,"35":0,"36":0,"37":0,"38":0,"39":0,"40":0,"41":0,"42":0,"43":1,"44":0,"45":0,"46":0,"47":0,"48":0,"49":0,"50":0,"51":0,"52":0,"53":0,"54":0,"55":1,"56":0,"57":0,"58":0,"59":0,"60":0,"61":0,"62":0,"63":0,"64":0,"65":0,"66":1,"67":0,"68":0,"69":0,"70":1,"71":0,"72":0,"73":0,"74":1,"75":0,"76":1,"77":0,"78":0,"79":0,"80":0,"81":1,"82":0,"83":1,"84":0,"85":0,"86":0,"87":0,"88":0,"89":1,"90":0,"91":0,"92":0,"93":0,"94":0,"95":0,"96":1,"97":0,"98":0,"99":0,"100":0,"101":1,"102":0,"103":0,"104":0,"105":1,"106":0,"107":0,"108":0,"109":0,"110":0,"111":0,"112":0,"113":0,"114":0,"115":1,"116":0,"117":0,"118":0,"119":0,"120":0,"121":0,"122":0,"123":0,"124":0,"125":0,"126":0,"127":0,"128":0,"129":0,"130":0,"131":0,"132":0,"133":0,"134":0,"135":0,"136":0,"137":0,"138":0,"139":0,"140":0,"141":0,"142":0,"143":0,"144":0,"145":0,"146":0,"147":0,"148":0,"149":0,"150":0,"151":0,"152":0,"153":0,"154":1,"155":0,"156":0,"157":0,"158":0,"159":0,"160":0,"161":0,"162":0,"163":0,"164":0,"165":0,"166":0,"167":0,"168":0,"169":0,"170":0,"171":0,"172":0,"173":0,"174":0,"175":0,"176":0,"177":0,"178":1},"b":{"1":[0,0],"2":[0,0],"3":[0,0,0],"4":[0,0],"5":[0,0],"6":[0,0],"7":[0,0],"8":[0,0],"9":[0,0],"10":[0,0],"11":[0,0,0],"12":[0,0],"13":[0,0],"14":[0,0],"15":[0,0,0,0],"16":[0,0],"17":[0,0],"18":[0,0],"19":[0,0],"20":[0,0],"21":[0,0],"22":[0,0,0],"23":[0,0],"24":[0,0]},"f":{"1":0,"2":0,"3":0,"4":0,"5":0,"6":0,"7":0,"8":0,"9":0,"10":0,"11":0,"12":0,"13":0,"14":0,"15":0,"16":0,"17":0,"18":0,"19":0,"20":0},"fnMap":{"1":{"name":"cleanVersion","line":19,"loc":{"start":{"line":19,"column":0},"end":{"line":19,"column":37}}},"2":{"name":"cleanVersionPair","line":66,"loc":{"start":{"line":66,"column":0},"end":{"line":66,"column":39}}},"3":{"name":"cleanVersionObject","line":84,"loc":{"start":{"line":84,"column":0},"end":{"line":84,"column":34}}},"4":{"name":"cleanVersions","line":101,"loc":{"start":{"line":101,"column":0},"end":{"line":101,"column":41}}},"5":{"name":"formNpmErrorMessage","line":109,"loc":{"start":{"line":109,"column":0},"end":{"line":109,"column":41}}},"6":{"name":"cleanVersionFor","line":115,"loc":{"start":{"line":115,"column":0},"end":{"line":115,"column":40}}},"7":{"name":"extractVersions","line":119,"loc":{"start":{"line":119,"column":0},"end":{"line":119,"column":31}}},"8":{"name":"is404","line":128,"loc":{"start":{"line":128,"column":0},"end":{"line":128,"column":25}}},"9":{"name":"isNotFound","line":132,"loc":{"start":{"line":132,"column":0},"end":{"line":132,"column":25}}},"10":{"name":"fetchVersions","line":143,"loc":{"start":{"line":143,"column":0},"end":{"line":143,"column":36}}},"11":{"name":"isLaterVersion","line":153,"loc":{"start":{"line":153,"column":4},"end":{"line":153,"column":33}}},"12":{"name":"rejectOnTimeout","line":162,"loc":{"start":{"line":162,"column":4},"end":{"line":162,"column":31}}},"13":{"name":"escapeName","line":169,"loc":{"start":{"line":169,"column":4},"end":{"line":169,"column":29}}},"14":{"name":"(anonymous_14)","line":173,"loc":{"start":{"line":173,"column":23},"end":{"line":173,"column":41}}},"15":{"name":"onNPMversions","line":186,"loc":{"start":{"line":186,"column":8},"end":{"line":186,"column":52}}},"16":{"name":"nextVersions","line":257,"loc":{"start":{"line":257,"column":0},"end":{"line":257,"column":66}}},"17":{"name":"(anonymous_17)","line":272,"loc":{"start":{"line":272,"column":32},"end":{"line":272,"column":51}}},"18":{"name":"(anonymous_18)","line":277,"loc":{"start":{"line":277,"column":39},"end":{"line":277,"column":66}}},"19":{"name":"(anonymous_19)","line":283,"loc":{"start":{"line":283,"column":38},"end":{"line":283,"column":62}}},"20":{"name":"(anonymous_20)","line":293,"loc":{"start":{"line":293,"column":7},"end":{"line":293,"column":24}}}},"statementMap":{"1":{"start":{"line":3,"column":0},"end":{"line":3,"column":29}},"2":{"start":{"line":4,"column":0},"end":{"line":4,"column":40}},"3":{"start":{"line":5,"column":0},"end":{"line":5,"column":42}},"4":{"start":{"line":7,"column":0},"end":{"line":7,"column":33}},"5":{"start":{"line":8,"column":0},"end":{"line":8,"column":26}},"6":{"start":{"line":9,"column":0},"end":{"line":9,"column":31}},"7":{"start":{"line":10,"column":0},"end":{"line":10,"column":21}},"8":{"start":{"line":11,"column":0},"end":{"line":11,"column":53}},"9":{"start":{"line":12,"column":0},"end":{"line":12,"column":39}},"10":{"start":{"line":13,"column":0},"end":{"line":13,"column":26}},"11":{"start":{"line":15,"column":0},"end":{"line":15,"column":52}}
[...]
:24}},"5":{"start":{"line":8,"column":0},"end":{"line":8,"column":45}},"6":{"start":{"line":9,"column":0},"end":{"line":9,"column":31}},"7":{"start":{"line":10,"column":0},"end":{"line":10,"column":31}},"8":{"start":{"line":11,"column":0},"end":{"line":11,"column":39}},"9":{"start":{"line":12,"column":0},"end":{"line":12,"column":21}},"10":{"start":{"line":14,"column":0},"end":{"line":14,"column":20}},"11":{"start":{"line":16,"column":0},"end":{"line":122,"column":1}},"12":{"start":{"line":17,"column":4},"end":{"line":17,"column":77}},"13":{"start":{"line":19,"column":4},"end":{"line":22,"column":5}},"14":{"start":{"line":20,"column":8},"end":{"line":20,"column":48}},"15":{"start":{"line":21,"column":8},"end":{"line":21,"column":18}},"16":{"start":{"line":24,"column":4},"end":{"line":24,"column":28}},"17":{"start":{"line":25,"column":4},"end":{"line":25,"column":19}},"18":{"start":{"line":26,"column":4},"end":{"line":26,"column":28}},"19":{"start":{"line":27,"column":4},"end":{"line":27,"column":41}},"20":{"start":{"line":29,"column":4},"end":{"line":30,"column":76}},"21":{"start":{"line":32,"column":4},"end":{"line":45,"column":5}},"22":{"start":{"line":33,"column":8},"end":{"line":33,"column":54}},"23":{"start":{"line":34,"column":8},"end":{"line":36,"column":9}},"24":{"start":{"line":35,"column":12},"end":{"line":35,"column":19}},"25":{"start":{"line":37,"column":8},"end":{"line":39,"column":9}},"26":{"start":{"line":38,"column":12},"end":{"line":38,"column":41}},"27":{"start":{"line":40,"column":8},"end":{"line":44,"column":9}},"28":{"start":{"line":41,"column":12},"end":{"line":42,"column":68}},"29":{"start":{"line":43,"column":12},"end":{"line":43,"column":49}},"30":{"start":{"line":47,"column":4},"end":{"line":47,"column":20}},"31":{"start":{"line":48,"column":4},"end":{"line":48,"column":25}},"32":{"start":{"line":50,"column":4},"end":{"line":79,"column":7}},"33":{"start":{"line":51,"column":8},"end":{"line":51,"column":72}},"34":{"start":{"line":52,"column":8},"end":{"line":52,"column":72}},"35":{"start":{"line":54,"column":8},"end":{"line":54,"column":58}},"36":{"start":{"line":55,"column":8},"end":{"line":55,"column":54}},"37":{"start":{"line":57,"column":8},"end":{"line":64,"column":9}},"38":{"start":{"line":58,"column":12},"end":{"line":59,"column":69}},"39":{"start":{"line":60,"column":12},"end":{"line":63,"column":14}},"40":{"start":{"line":66,"column":8},"end":{"line":78,"column":9}},"41":{"start":{"line":67,"column":12},"end":{"line":77,"column":13}},"42":{"start":{"line":68,"column":16},"end":{"line":76,"column":19}},"43":{"start":{"line":69,"column":20},"end":{"line":75,"column":37}},"44":{"start":{"line":74,"column":24},"end":{"line":74,"column":55}},"45":{"start":{"line":81,"column":4},"end":{"line":121,"column":7}},"46":{"start":{"line":82,"column":8},"end":{"line":82,"column":25}},"47":{"start":{"line":84,"column":8},"end":{"line":111,"column":11}},"48":{"start":{"line":85,"column":12},"end":{"line":85,"column":76}},"49":{"start":{"line":86,"column":12},"end":{"line":86,"column":76}},"50":{"start":{"line":88,"column":12},"end":{"line":88,"column":37}},"51":{"start":{"line":90,"column":12},"end":{"line":97,"column":13}},"52":{"start":{"line":91,"column":16},"end":{"line":91,"column":51}},"53":{"start":{"line":93,"column":16},"end":{"line":96,"column":31}},"54":{"start":{"line":99,"column":12},"end":{"line":99,"column":47}},"55":{"start":{"line":100,"column":12},"end":{"line":102,"column":13}},"56":{"start":{"line":101,"column":16},"end":{"line":101,"column":23}},"57":{"start":{"line":103,"column":12},"end":{"line":104,"column":61}},"58":{"start":{"line":105,"column":12},"end":{"line":110,"column":15}},"59":{"start":{"line":112,"column":8},"end":{"line":112,"column":44}},"60":{"start":{"line":113,"column":8},"end":{"line":119,"column":9}},"61":{"start":{"line":114,"column":12},"end":{"line":114,"column":36}},"62":{"start":{"line":115,"column":12},"end":{"line":115,"column":71}},"63":{"start":{"line":117,"column":12},"end":{"line":117,"column":35}},"64":{"start":{"line":118,"column":12},"end":{"line":118,"column":71}},"65":{"start":{"line":120,"column":8},"end":{"line":120,"column":25}},"66":{"start":{"line":124,"column":0},"end":{"line":124,"column":33}}},"branchMap":{"1":{"line":19,"type":"if","locations":[{"start":{"line":19,"column":4},"end":{"line":19,"column":4}},{"start":{"line":19,"column":4},"end":{"line":19,"column":4}}]},"2":{"line":34,"type":"if","locations":[{"start":{"line":34,"column":8},"end":{"line":34,"column":8}},{"start":{"line":34,"column":8},"end":{"line":34,"column":8}}]},"3":{"line":37,"type":"if","locations":[{"start":{"line":37,"column":8},"end":{"line":37,"column":8}},{"start":{"line":37,"column":8},"end":{"line":37,"column":8}}]},"4":{"line":40,"type":"if","locations":[{"start":{"line":40,"column":8},"end":{"line":40,"column":8}},{"start":{"line":40,"column":8},"end":{"line":40,"column":8}}]},"5":{"line":57,"type":"if","locations":[{"start":{"line":57,"column":8},"end":{"line":57,"column":8}},{"start":{"line":57,"column":8},"end":{"line":57,"column":8}}]},"6":{"line":66,"type":"if","locations":[{"start":{"line":66,"column":8},"end":{"line":66,"column":8}},{"start":{"line":66,"column":8},"end":{"line":66,"column":8}}]},"7":{"line":67,"type":"if","locations":[{"start":{"line":67,"column":12},"end":{"line":67,"column":12}},{"start":{"line":67,"column":12},"end":{"line":67,"column":12}}]},"8":{"line":90,"type":"if","locations":[{"start":{"line":90,"column":12},"end":{"line":90,"column":12}},{"start":{"line":90,"column":12},"end":{"line":90,"column":12}}]},"9":{"line":100,"type":"if","locations":[{"start":{"line":100,"column":12},"end":{"line":100,"column":12}},{"start":{"line":100,"column":12},"end":{"line":100,"column":12}}]},"10":{"line":113,"type":"if","locations":[{"start":{"line":113,"column":8},"end":{"line":113,"column":8}},{"start":{"line":113,"column":8},"end":{"line":113,"column":8}}]}},"code":["'use strict';","","var la = require('lazy-ass');","var check = require('check-more-types');","var log = require('debug')('next-update');","","require('console.json');","var print = require('./print-modules-table');","var stats = require('./stats');","var clc = require('cli-color');","var getSuccess = stats.getSuccessStats;","var q = require('q');","","function ignore() {}","","function reportAvailable(available, currentVersions, options) {","    la(check.array(available), 'expect an array of info objects', available);","","    if (!available.length) {","        console.log('nothing new is available');","        return [];","    }","","    log('report available');","    log(available);","    log('current versions');","    log(JSON.stringify(currentVersions));","","    la(check.maybe.object(currentVersions),","        'expected current versions as an object, but was', currentVersions);","","    function getCurrentVersion(name) {","        la(check.unemptyString(name), 'missing name');","        if (!currentVersions) {","            return;","        }","        if (check.string(currentVersions[name])) {","            return currentVersions[name];","        }","        if (check.object(currentVersions[name])) {","            la(check.string(currentVersions[name].version),","                'missing version for', name, 'in', currentVersions);","            return currentVersions[name].version;","        }","    }","","    var chain = q();","    var updateStats = {};","","    available.forEach(function (info) {","        la(check.unemptyString(info.name), 'missing module name', info);","        la(check.array(info.versions), 'missing module versions', info);","","        var currentVersion = getCurrentVersion(info.name);","        log('version for', info.name, currentVersion);","","        if (currentVersion) {","            la(check.unemptyString(currentVersion),","                'missing version', currentVersion, 'for', info.name);","            updateStats[info.name] = {","                name: info.name,","                from: currentVersion","            };","        }","","        if (info.versions.length === 1) {","            if (currentVersion) {","                chain = chain.then(function () {","                    return getSuccess({","                        name: info.name,","                        from: currentVersion,","                        to: info.versions[0]","                    }).then(function (stats) {","                        updateStats[info.name] = stats;","                    }).catch(ignore);","                });","            }","        }","    });","","    return chain.then(function () {","        var modules = [];","","        available.forEach(function (info) {","            la(check.unemptyString(info.name), 'missing module name', info);","            la(check.array(info.versions), 'missing module versions', info);","","            var sep = ', ', versions;","","            if (info.versions.length < 5) {","                versions = info.versions.join(sep);","            } else {","                versions = info.versions.slice(0, 2)","                    .concat('...')","                    .concat(info.versions.slice(info.versions.length - 2))","                    .join(sep);","            }","","            var stats = updateStats[info.name];","            if (!stats) {","                return;","            }","            la(check.object(stats), 'could not get stats for', info.name,","                'all', updateStats, 'available stats', info);","            modules.push({","                name: info.name,","                version: versions,","                from: stats.from,","                stats: stats","            });","        });","        console.log('\\navailable updates:');","        if (modules.length) {","            print(modules, options);","            console.log('update stats from', clc.underline(stats.url));","        } else {","            console.log(available);","            console.log('no stats is available yet for these updates');","        }","        return available;","    });","}","","module.exports = reportAvailable;",""],"l":{"3":1,"4":1,"5":1,"7":1,"8":1,"9":1,"10":1,"11":1,"12":1,"14":1,"16":1,"17":0,"19":0,"20":0,"21":0,"24":0,"25":0,"26":0,"27":0,"29":0,"32":1,"33":0,"34":0,"35":0,"37":0,"38":0,"40":0,"41":0,"43":0,"47":0,"48":0,"50":0,"51":0,"52":0,"54":0,"55":0,"57":0,"58":0,"60":0,"66":0,"67":0,"68":0,"69":0,"74":0,"81":0,"82":0,"84":0,"85":0,"86":0,"88":0,"90":0,"91":0,"93":0,"99":0,"100":0,"101":0,"103":0,"105":0,"112":0,"113":0,"114":0,"115":0,"117":0,"118":0,"120":0,"124":1}},"/home/travis/build/npmtest/node-npmtest-next-update/next-update/src/filter-allowed-updates.js":{"path":"/home/travis/build/npmtest/node-npmtest-next-update/next-update/src/filter-allowed-updates.js","s":{"1":1,"2":1,"3":1,"4":1,"5":1,"6":1,"7":0,"8":0,"9":0,"10":0,"11":0,"12":0,"13":0,"14":0,"15":0,"16":0,"17":0,"18":1,"19":0,"20":0,"21":0,"22":0,"23":0,"24":0,"25":0,"26":1,"27":0,"28":0,"29":0,"30":0,"31":1,"32":0,"33":0,"34":1,"35":0,"36":0,"37":0,"38":0,"39":1,"40":0,"41":0,"42":0,"43":0,"44":0,"45":0,"46":0,"47":0,"48":0,"49":0,"50":1},"b":{"1":[0,0,0,0],"2":[0,0],"3":[0,0],"4":[0,0,0],"5":[0,0]},"f":{"1":0,"2":0,"3":0,"4":0,"5":0,"6":0},"fnMap":{"1":{"name":"isDiffAllowed","line":8,"loc":{"start":{"line":8,"column":0},"end":{"line":8,"column":38}}},"2":{"name":"isDependencyTypeAllowed","line":28,"loc":{"start":{"line":28,"column":0},"end":{"line":28,"column":51}}},"3":{"name":"filterAllowedUpdates","line":41,"loc":{"start":{"line":41,"column":0},"end":{"line":41,"column":59}}},"4":{"name":"filterVersions","line":51,"loc":{"start":{"line":51,"column":2},"end":{"line":51,"column":50}}},"5":{"name":"allowedDependencyType","line":57,"loc":{"start":{"line":57,"column":2},"end":{"line":57,"column":50}}},"6":{"name":"filterHasNewVersions","line":66,"loc":{"start":{"line":66,"column":2},"end":{"line":66,"column":49}}}},"statementMap":{"1":{"start":{"line":1,"column":0},"end":{"line":1,"column":29}},"2":{"start":{"line":2,"column":0},"end":{"line":2,"column":40}},"3":{"start":{"line":3,"column":0},"end":{"line":3,"column":31}},"4":{"start":{"line":4,"column":0},"end":{"line":4,"column":26}},"5":{"start":{"line":6,"column":0},"end":{"line":6,"column":64}},"6":{"start":{"line":8,"column":0},"end":{"line":26,"column":1}},"7":{"start":{"line":9,"column":2},"end":{"line":9,"column":70}},"8":{"start":{"line":10,"column":2},"end":{"line":10,"column":61}},"9":{"start":{"line":12,"column":2},"end":{"line":25,"column":3}},"10":{"start":{"line":14,"column":6},"end":{"line":14,"column":18}},"11":{"start":{"line":15,"column":4},"end":{"line":15,"column":10}},"12":{"start":{"line":17,"column":6},"end":{"line":17,"column":50}},"13":{"start":{"line":18,"column":4},"end":{"line":18,"column":10}},"14":{"start":{"line":20,"column":6},"end":{"line":20,"column":30}},"15":{"start":{"line":21,"column":4},"end":{"line":21,"column":10}},"16":{"start":{"line":23,"column":6},"end":{"line":23,"column":59}},"17":{"start":{"line":24,"column":4},"end":{"line":24,"column":10}},"18":{"start":{"line":28,"column":0},"end":{"line":39,"column":1}},"19":{"start":{"line":29,"column":2},"end":{"line":29,"column":71}},"20":{"start":{"line":30,"column":2},"end":{"line":30,"column":71}},"21":{"start":{"line":32,"column":2},"end":{"line":32,"column":41}},"22":{"start":{"line":33,"column":2},"end":{"line":33,"column":41}},"23":{"start":{"line":35,"column":2},"end":{"line":37,"column":3}},"24":{"start":{"line":36,"column":4},"end":{"line":36,"column":16}},"25":{"start":{"line":38,"column":2},"end":{"line":38,"column":29}},"26":{"start":{"line":41,"column":0},"end":{"line":87,"column":1}},"27":{"start":{"line":42,"column":2},"end":{"line":42,"column":60}},"28":{"start":{"line":43,"column":2},"end":{"line":43,"column":52}},"29":{"start":{"line":45,"column":2},"end":{"line":45,"column":35}},"30":{"start":{"line":46,"column":2},"end":{"line":46,"column":63}},"31":{"start":{"line":51,"column":2},"end":{"line":55,"column":3}},"32":{"start":{"line":52,"column":4},"end":{"line":52,"column":51}},"33":{"start":{"line":54,"column":4},"end":{"line":54,"column":27}},"34":{"start":{"line":57,"column":2},"end":{"line":64,"column":3}},"35":{"start":{"line":58,"column":4},"end":{"line":58,"column":51}},"36":{"start":{"line":59,"column":4},"end":{"line":60,"column":75}},"37":{"start":{"line":61,"column":4},"end":{"line":62,"column":44}},"38":{"start":{"line":63,"column":4},"end":{"line":63,"column":42}},"39":{"start":{"line":66,"column":2},"end":{"line":79,"column":3}},"40":{"start":{"line":67,"column":6},"end":{"line":67,"column":98}},"41":{"start":{"line":69,"column":6},"end":{"line":69,"column":62}},"42":{"start":{"line":70,"column":6},"end":{"line":71,"column":74}},"43":{"start":{"line":73,"column":6},"end":{"line":73,"column":46}},"44":{"start":{"line":74,"column":6},"end":{"line":74,"column":79}},"45":{"start":{"line":76,"column":6},"end":{"line":76,"column":85}},"46":{"start":{"line":77,"column":6},"end":{"line":77,"column":50}},"47":{"start":{"line":78,"column":6},"end":{"line":78,"column":49}},"48":{"start":{"line":81,"column":2},"end":{"line":83,"column":35}},"49":{"start":{"line":86,"column":2},"end":{"line":86,"column":18}},"50":{"start":{"line":89,"column":0},"end":{"line":92,"column":47}}},"branchMap":{"1":{"line":12,"type":"switch","locations":[{"start":{"line":13,"column":4},"end":{"line":15,"column":10}},{"start":{"line":16,"column":4},"end":{"line":18,"column":10}},{"start":{"line":19,"column":4},"end":{"line":21,"column":10}},{"start":{"line":22,"column":4},"end":{"line":24,"column":10}}]},"2":{"line":17,"type":"binary-expr","locations":[{"start":{"line":17,"column":13},"end":{"line":17,"column":29}},{"start":{"line":17,"column":33},"end":{"line":17,"column":49}}]},"3":{"line":35,"type":"if","locations":[{"start":{"line":35,"column":2},"end":{"line":35,"column":2}},{"start":{"line":35,"column":2},"end":{"line":35,"column":2}}]},"4":{"line":42,"type":"binary-expr","locations":[{"start":{"line":42,"column":16},"end":{"line":42,"column":29}},{"start":{"line":42,"column":33},"end":{"line":42,"column":48}},{"start":{"line":42,"column":52},"end":{"line":42,"column":59}}]},"5":{"line":45,"type":"binary-expr","locations":[{"start":{"line":45,"column":13},"end":{"line":45,"column":25}},{"start":{"line":45,"column":29},"end":{"line":45,"column":34}}]}},"code":["var la = require('lazy-ass');","var check = require('check-more-types');","var semver = require('semver');","var _ = require('lodash');","","la(check.fn(semver.diff), 'semver missing diff method', semver);","","function isDiffAllowed(allowed, diff) {","  la(check.unemptyString(allowed), 'invalid allowed update', allowed);","  la(check.unemptyString(diff), 'invalid diff update', diff);","","  switch (allowed) {","    case 'major':","      return true;","    break;","    case 'minor':","      return diff === 'minor' || diff === 'patch';","    break;","    case 'patch':","      return diff === 'patch';","    break;","    default:","      throw new Error('Invalid allowed update ' + allowed);","    break;","  }","}","","function isDependencyTypeAllowed(allowed, current) {","  la(check.unemptyString(allowed), 'expected allowed string', allowed);","  la(check.unemptyString(current), 'expected current string', current);","","  allowed = allowed.trim().toLowerCase();","  current = current.trim().toLowerCase();","","  if (allowed === 'all') {","    return true;","  }","  return allowed === current;","}","","function filterAllowedUpdates(current, available, options) {","  var allowed = options.allow || options.allowed || 'major';","  var isAllowed = _.partial(isDiffAllowed, allowed);","","  var type = options.type || 'all';","  var isAllowedType = _.partial(isDependencyTypeAllowed, type);","","  // console.log('filtering available updates', available);","  // console.log('current versions', current);","","  function filterVersions(fromVersion, toVersion) {","    var diff = semver.diff(fromVersion, toVersion);","    // console.log(availableUpdate.name, 'difference from', fromVersion, 'to', toVersion, diff);","    return isAllowed(diff);","  }","","  function allowedDependencyType(availableUpdate) {","    var dependency = current[availableUpdate.name];","    la(check.object(dependency),","      'cannot find dependency for update', availableUpdate, 'in', current);","    la(check.unemptyString(dependency.type),","      'missing type of update', dependency);","    return isAllowedType(dependency.type);","  }","","  function filterHasNewVersions(availableUpdate) {","      la(check.unemptyString(availableUpdate.name), 'missing name in available', availableUpdate);","","      var fromVersion = current[availableUpdate.name].version;","      la(check.unemptyString(fromVersion),","        'cannot find current version for', availableUpdate.name, current);","","      var versions = availableUpdate.versions;","      la(check.array(versions), 'missing versions in update', availableUpdate);","","      var filteredVersions = versions.filter(_.partial(filterVersions, fromVersion));","      availableUpdate.versions = filteredVersions;","      return availableUpdate.versions.length > 0;","  }","","  var filtered = available","    .filter(filterHasNewVersions)","    .filter(allowedDependencyType);","","  // console.log('filtered', filtered);","  return filtered;","}","","module.exports = check.defend(filterAllowedUpdates,","  check.object, 'expected object with all current dependencies',","  check.array, 'available list should be an array',","  check.object, 'options should be an object');",""],"l":{"1":1,"2":1,"3":1,"4":1,"6":1,"8":1,"9":0,"10":0,"12":0,"14":0,"15":0,"17":0,"18":0,"20":0,"21":0,"23":0,"24":0,"28":1,"29":0,"30":0,"32":0,"33":0,"35":0,"36":0,"38":0,"41":1,"42":0,"43":0,"45":0,"46":0,"51":1,"52":0,"54":0,"57":1,"58":0,"59":0,"61":0,"63":0,"66":1,"67":0,"69":0,"70":0,"73":0,"74":0,"76":0,"77":0,"78":0,"81":0,"86":0,"89":1}}}